2021-04-01 01:49:52.1153|DEBUG|HospitalBL.MainServices.FurnitureStoreManager|Начинается инициализация управляющего блока.
2021-04-01 01:49:52.5458|DEBUG|HospitalBL.MainServices.FurnitureStoreManager|Инициализация управляющего блока выполнена.
2021-04-01 01:49:52.5538|DEBUG|HospitalBL.MainServices.FurnitureStoreManager|Загрузка данных в управляющий блок...
2021-04-01 01:49:52.5538|INFO|HospitalBL.Model.Services.Service`1|Загрузка данных данных Employee...
2021-04-01 01:49:52.5697|INFO|HospitalBL.Model.Services.Service`1|Загрузка данных данных Treatment...
2021-04-01 01:49:52.5697|INFO|HospitalBL.Model.Services.Service`1|Загрузка данных данных Patient...
2021-04-01 01:49:52.5807|INFO|HospitalBL.Model.Services.Service`1|Загрузка данных данных Disease...
2021-04-01 01:49:52.5807|INFO|HospitalBL.Model.Services.Service`1|Загрузка данных данных Visit...
2021-04-01 01:49:52.5807|DEBUG|HospitalBL.MainServices.FurnitureStoreManager|Загрузка завершена.
2021-04-01 01:49:52.5997|DEBUG|HospitalBL.MainServices.FurnitureStoreManager|Инициализация главного менеджера...
2021-04-01 01:49:52.6136|DEBUG|HospitalBL.MainServices.FurnitureStoreManager|Менеджер инициализирован
2021-04-01 01:50:07.6932|INFO|HospitalBL.MainServices.FurnitureStoreManager|Попытка авторизации пользователя
2021-04-01 01:50:07.6932|INFO|HospitalBL.MainServices.FurnitureStoreManager|Пользователь Ewq Qwe успешно авторизовался с правами Врач
2021-04-01 01:50:36.0446|INFO|HospitalBL.Model.Services.DiseaseService|Выполняется добаление заболевания Грипп...
2021-04-01 01:50:36.0506|INFO|HospitalBL.Model.Services.DiseaseService|Выполняется валидация данных заболевания Грипп...
2021-04-01 01:50:36.0506|INFO|HospitalBL.Model.Services.DiseaseService|Валидация завершена
2021-04-01 01:51:28.4493|DEBUG|HospitalBL.MainServices.FurnitureStoreManager|Начинается инициализация управляющего блока.
2021-04-01 01:51:28.7126|DEBUG|HospitalBL.MainServices.FurnitureStoreManager|Инициализация управляющего блока выполнена.
2021-04-01 01:51:28.7246|DEBUG|HospitalBL.MainServices.FurnitureStoreManager|Загрузка данных в управляющий блок...
2021-04-01 01:51:28.7375|INFO|HospitalBL.Model.Services.Service`1|Загрузка данных данных Employee...
2021-04-01 01:51:28.7515|INFO|HospitalBL.Model.Services.Service`1|Загрузка данных данных Treatment...
2021-04-01 01:51:28.7515|INFO|HospitalBL.Model.Services.Service`1|Загрузка данных данных Patient...
2021-04-01 01:51:28.7665|INFO|HospitalBL.Model.Services.Service`1|Загрузка данных данных Disease...
2021-04-01 01:51:28.8303|INFO|HospitalBL.Model.Services.Service`1|Загрузка данных данных Visit...
2021-04-01 01:51:28.8303|DEBUG|HospitalBL.MainServices.FurnitureStoreManager|Загрузка завершена.
2021-04-01 01:51:28.8512|DEBUG|HospitalBL.MainServices.FurnitureStoreManager|Инициализация главного менеджера...
2021-04-01 01:51:28.8822|DEBUG|HospitalBL.MainServices.FurnitureStoreManager|Менеджер инициализирован
2021-04-01 01:51:33.5326|INFO|HospitalBL.MainServices.FurnitureStoreManager|Попытка авторизации пользователя
2021-04-01 01:51:33.5326|INFO|HospitalBL.MainServices.FurnitureStoreManager|Пользователь Ewq Qwe успешно авторизовался с правами Врач
2021-04-01 01:52:36.8251|DEBUG|HospitalBL.MainServices.FurnitureStoreManager|Начинается инициализация управляющего блока.
2021-04-01 01:52:37.2150|DEBUG|HospitalBL.MainServices.FurnitureStoreManager|Инициализация управляющего блока выполнена.
2021-04-01 01:52:37.2998|DEBUG|HospitalBL.MainServices.FurnitureStoreManager|Загрузка данных в управляющий блок...
2021-04-01 01:52:37.3187|INFO|HospitalBL.Model.Services.Service`1|Загрузка данных данных Employee...
2021-04-01 01:52:37.3367|INFO|HospitalBL.Model.Services.Service`1|Загрузка данных данных Treatment...
2021-04-01 01:52:37.3626|INFO|HospitalBL.Model.Services.Service`1|Загрузка данных данных Patient...
2021-04-01 01:52:37.3885|INFO|HospitalBL.Model.Services.Service`1|Загрузка данных данных Disease...
2021-04-01 01:52:37.4454|INFO|HospitalBL.Model.Services.Service`1|Загрузка данных данных Visit...
2021-04-01 01:52:37.5042|DEBUG|HospitalBL.MainServices.FurnitureStoreManager|Загрузка завершена.
2021-04-01 01:52:37.5681|DEBUG|HospitalBL.MainServices.FurnitureStoreManager|Инициализация главного менеджера...
2021-04-01 01:52:37.6808|DEBUG|HospitalBL.MainServices.FurnitureStoreManager|Менеджер инициализирован
2021-04-01 01:52:44.8611|INFO|HospitalBL.MainServices.FurnitureStoreManager|Попытка авторизации пользователя
2021-04-01 01:52:44.8611|INFO|HospitalBL.MainServices.FurnitureStoreManager|Пользователь Ewq Qwe успешно авторизовался с правами Врач
2021-04-01 01:53:04.8158|DEBUG|HospitalBL.MainServices.FurnitureStoreManager|Начинается инициализация управляющего блока.
2021-04-01 01:53:05.1858|DEBUG|HospitalBL.MainServices.FurnitureStoreManager|Инициализация управляющего блока выполнена.
2021-04-01 01:53:05.1978|DEBUG|HospitalBL.MainServices.FurnitureStoreManager|Загрузка данных в управляющий блок...
2021-04-01 01:53:05.2078|INFO|HospitalBL.Model.Services.Service`1|Загрузка данных данных Employee...
2021-04-01 01:53:05.2078|INFO|HospitalBL.Model.Services.Service`1|Загрузка данных данных Treatment...
2021-04-01 01:53:05.2237|INFO|HospitalBL.Model.Services.Service`1|Загрузка данных данных Patient...
2021-04-01 01:53:05.2347|INFO|HospitalBL.Model.Services.Service`1|Загрузка данных данных Disease...
2021-04-01 01:53:05.2347|INFO|HospitalBL.Model.Services.Service`1|Загрузка данных данных Visit...
2021-04-01 01:53:05.2347|DEBUG|HospitalBL.MainServices.FurnitureStoreManager|Загрузка завершена.
2021-04-01 01:53:05.2547|DEBUG|HospitalBL.MainServices.FurnitureStoreManager|Инициализация главного менеджера...
2021-04-01 01:53:05.2547|DEBUG|HospitalBL.MainServices.FurnitureStoreManager|Менеджер инициализирован
2021-04-01 01:53:09.4136|INFO|HospitalBL.MainServices.FurnitureStoreManager|Попытка авторизации пользователя
2021-04-01 01:53:09.4319|INFO|HospitalBL.MainServices.FurnitureStoreManager|Пользователь Ewq Qwe успешно авторизовался с правами Врач
2021-04-01 01:54:16.2909|INFO|HospitalBL.Model.Services.DiseaseService|Выполняется добаление заболевания Грипп...
2021-04-01 01:54:23.1676|INFO|HospitalBL.Model.Services.DiseaseService|Выполняется валидация данных заболевания Грипп...
2021-04-01 01:54:37.6151|INFO|HospitalBL.Model.Services.DiseaseService|Валидация завершена
2021-04-01 02:01:00.8991|DEBUG|HospitalBL.MainServices.FurnitureStoreManager|Начинается инициализация управляющего блока.
2021-04-01 02:01:01.2661|DEBUG|HospitalBL.MainServices.FurnitureStoreManager|Инициализация управляющего блока выполнена.
2021-04-01 02:01:01.2880|DEBUG|HospitalBL.MainServices.FurnitureStoreManager|Загрузка данных в управляющий блок...
2021-04-01 02:01:01.3020|INFO|HospitalBL.Model.Services.Service`1|Загрузка данных данных Employee...
2021-04-01 02:01:01.3130|INFO|HospitalBL.Model.Services.Service`1|Загрузка данных данных Treatment...
2021-04-01 02:01:01.3130|INFO|HospitalBL.Model.Services.Service`1|Загрузка данных данных Patient...
2021-04-01 02:01:01.3359|INFO|HospitalBL.Model.Services.Service`1|Загрузка данных данных Disease...
2021-04-01 02:01:01.3728|INFO|HospitalBL.Model.Services.Service`1|Загрузка данных данных Visit...
2021-04-01 02:01:01.3828|DEBUG|HospitalBL.MainServices.FurnitureStoreManager|Загрузка завершена.
2021-04-01 02:01:01.4097|DEBUG|HospitalBL.MainServices.FurnitureStoreManager|Инициализация главного менеджера...
2021-04-01 02:01:01.4267|DEBUG|HospitalBL.MainServices.FurnitureStoreManager|Менеджер инициализирован
2021-04-01 02:01:10.6369|INFO|HospitalBL.MainServices.FurnitureStoreManager|Попытка авторизации пользователя
2021-04-01 02:01:10.6429|INFO|HospitalBL.MainServices.FurnitureStoreManager|Пользователь Ewq Qwe успешно авторизовался с правами Врач
2021-04-01 02:01:23.4756|INFO|HospitalBL.Model.Services.DiseaseService|Выполняется добаление заболевания Грипп...
2021-04-01 02:01:23.4756|INFO|HospitalBL.Model.Services.DiseaseService|Выполняется валидация данных заболевания Грипп...
2021-04-01 02:01:23.4895|INFO|HospitalBL.Model.Services.DiseaseService|Валидация завершена
2021-04-01 02:12:09.2276|DEBUG|HospitalBL.MainServices.FurnitureStoreManager|Начинается инициализация управляющего блока.
2021-04-01 02:12:09.8163|DEBUG|HospitalBL.MainServices.FurnitureStoreManager|Инициализация управляющего блока выполнена.
2021-04-01 02:12:09.9460|DEBUG|HospitalBL.MainServices.FurnitureStoreManager|Загрузка данных в управляющий блок...
2021-04-01 02:12:09.9629|INFO|HospitalBL.Model.Services.Service`1|Загрузка данных данных Employee...
2021-04-01 02:12:09.9749|INFO|HospitalBL.Model.Services.Service`1|Загрузка данных данных Treatment...
2021-04-01 02:12:09.9849|INFO|HospitalBL.Model.Services.Service`1|Загрузка данных данных Patient...
2021-04-01 02:12:09.9849|INFO|HospitalBL.Model.Services.Service`1|Загрузка данных данных Disease...
2021-04-01 02:12:10.0108|INFO|HospitalBL.Model.Services.Service`1|Загрузка данных данных Visit...
2021-04-01 02:12:10.0247|DEBUG|HospitalBL.MainServices.FurnitureStoreManager|Загрузка завершена.
2021-04-01 02:12:10.0327|DEBUG|HospitalBL.MainServices.FurnitureStoreManager|Инициализация главного менеджера...
2021-04-01 02:12:10.0327|DEBUG|HospitalBL.MainServices.FurnitureStoreManager|Менеджер инициализирован
2021-04-01 02:12:29.1642|INFO|HospitalBL.MainServices.FurnitureStoreManager|Попытка авторизации пользователя
2021-04-01 02:12:29.1741|INFO|HospitalBL.MainServices.FurnitureStoreManager|Пользователь Ewq Qwe успешно авторизовался с правами Врач
2021-04-01 02:12:48.2120|INFO|HospitalBL.Model.Services.DiseaseService|Выполняется добаление заболевания Грипп...
2021-04-01 02:12:48.2269|INFO|HospitalBL.Model.Services.DiseaseService|Выполняется валидация данных заболевания Грипп...
2021-04-01 02:12:48.2389|INFO|HospitalBL.Model.Services.DiseaseService|Валидация завершена
2021-04-01 02:12:48.2579|INFO|HospitalBL.Model.Services.Service`1|Сохранение данных данных Disease...
2021-04-01 02:12:48.3302|INFO|HospitalBL.Model.Services.Service`1|Данные сохранены
2021-04-01 02:12:48.3302|INFO|HospitalBL.Model.Services.DiseaseService|Заболевание Грипп добавлена
2021-04-01 02:14:10.1107|DEBUG|HospitalBL.MainServices.FurnitureStoreManager|Начинается инициализация управляющего блока.
2021-04-01 02:14:10.4817|DEBUG|HospitalBL.MainServices.FurnitureStoreManager|Инициализация управляющего блока выполнена.
2021-04-01 02:14:10.4957|DEBUG|HospitalBL.MainServices.FurnitureStoreManager|Загрузка данных в управляющий блок...
2021-04-01 02:14:10.5106|INFO|HospitalBL.Model.Services.Service`1|Загрузка данных данных Employee...
2021-04-01 02:14:10.5276|INFO|HospitalBL.Model.Services.Service`1|Загрузка данных данных Treatment...
2021-04-01 02:14:10.5446|INFO|HospitalBL.Model.Services.Service`1|Загрузка данных данных Patient...
2021-04-01 02:14:10.5840|INFO|HospitalBL.Model.Services.Service`1|Загрузка данных данных Disease...
2021-04-01 02:14:10.5979|INFO|HospitalBL.Model.Services.Service`1|Загрузка данных данных Visit...
2021-04-01 02:14:10.6099|DEBUG|HospitalBL.MainServices.FurnitureStoreManager|Загрузка завершена.
2021-04-01 02:14:10.6248|DEBUG|HospitalBL.MainServices.FurnitureStoreManager|Инициализация главного менеджера...
2021-04-01 02:14:10.6418|DEBUG|HospitalBL.MainServices.FurnitureStoreManager|Менеджер инициализирован
2021-04-01 02:14:18.4600|INFO|HospitalBL.MainServices.FurnitureStoreManager|Попытка авторизации пользователя
2021-04-01 02:14:18.4600|INFO|HospitalBL.MainServices.FurnitureStoreManager|Пользователь Ewq Qwe успешно авторизовался с правами Врач
2021-04-01 02:14:45.5397|INFO|HospitalBL.Model.Services.DiseaseService|Выполняется добаление заболевания Сильный грипп...
2021-04-01 02:14:45.5476|INFO|HospitalBL.Model.Services.DiseaseService|Выполняется валидация данных заболевания Сильный грипп...
2021-04-01 02:14:45.5476|INFO|HospitalBL.Model.Services.DiseaseService|Валидация завершена
2021-04-01 02:14:45.5653|INFO|HospitalBL.Model.Services.Service`1|Сохранение данных данных Disease...
2021-04-01 02:14:45.6084|INFO|HospitalBL.Model.Services.Service`1|Данные сохранены
2021-04-01 02:14:45.6133|INFO|HospitalBL.Model.Services.DiseaseService|Заболевание Сильный грипп добавлена
2021-04-01 02:16:28.1404|DEBUG|HospitalBL.MainServices.FurnitureStoreManager|Начинается инициализация управляющего блока.
2021-04-01 02:16:28.5483|DEBUG|HospitalBL.MainServices.FurnitureStoreManager|Инициализация управляющего блока выполнена.
2021-04-01 02:16:28.6011|DEBUG|HospitalBL.MainServices.FurnitureStoreManager|Загрузка данных в управляющий блок...
2021-04-01 02:16:28.6101|INFO|HospitalBL.Model.Services.Service`1|Загрузка данных данных Employee...
2021-04-01 02:16:28.6101|INFO|HospitalBL.Model.Services.Service`1|Загрузка данных данных Treatment...
2021-04-01 02:16:28.6340|INFO|HospitalBL.Model.Services.Service`1|Загрузка данных данных Patient...
2021-04-01 02:16:28.6420|INFO|HospitalBL.Model.Services.Service`1|Загрузка данных данных Disease...
2021-04-01 02:16:28.6420|INFO|HospitalBL.Model.Services.Service`1|Загрузка данных данных Visit...
2021-04-01 02:16:28.6679|DEBUG|HospitalBL.MainServices.FurnitureStoreManager|Загрузка завершена.
2021-04-01 02:16:28.6889|DEBUG|HospitalBL.MainServices.FurnitureStoreManager|Инициализация главного менеджера...
2021-04-01 02:16:28.7228|DEBUG|HospitalBL.MainServices.FurnitureStoreManager|Менеджер инициализирован
2021-04-01 02:16:35.2604|INFO|HospitalBL.MainServices.FurnitureStoreManager|Попытка авторизации пользователя
2021-04-01 02:16:35.2694|ERROR|HospitalBL.MainServices.FurnitureStoreManager|Логин и/или пароль неверен
2021-04-01 02:16:40.7225|INFO|HospitalBL.MainServices.FurnitureStoreManager|Попытка авторизации пользователя
2021-04-01 02:16:40.7225|INFO|HospitalBL.MainServices.FurnitureStoreManager|Пользователь Ewq Qwe успешно авторизовался с правами Врач
2021-04-01 02:17:41.1911|DEBUG|HospitalBL.MainServices.FurnitureStoreManager|Начинается инициализация управляющего блока.
2021-04-01 02:17:41.5462|DEBUG|HospitalBL.MainServices.FurnitureStoreManager|Инициализация управляющего блока выполнена.
2021-04-01 02:17:41.5541|DEBUG|HospitalBL.MainServices.FurnitureStoreManager|Загрузка данных в управляющий блок...
2021-04-01 02:17:41.5541|INFO|HospitalBL.Model.Services.Service`1|Загрузка данных данных Employee...
2021-04-01 02:17:41.5771|INFO|HospitalBL.Model.Services.Service`1|Загрузка данных данных Treatment...
2021-04-01 02:17:41.5870|INFO|HospitalBL.Model.Services.Service`1|Загрузка данных данных Patient...
2021-04-01 02:17:41.6070|INFO|HospitalBL.Model.Services.Service`1|Загрузка данных данных Disease...
2021-04-01 02:17:41.6190|INFO|HospitalBL.Model.Services.Service`1|Загрузка данных данных Visit...
2021-04-01 02:17:41.6309|DEBUG|HospitalBL.MainServices.FurnitureStoreManager|Загрузка завершена.
2021-04-01 02:17:41.6469|DEBUG|HospitalBL.MainServices.FurnitureStoreManager|Инициализация главного менеджера...
2021-04-01 02:17:41.6658|DEBUG|HospitalBL.MainServices.FurnitureStoreManager|Менеджер инициализирован
2021-04-01 02:17:46.6605|INFO|HospitalBL.MainServices.FurnitureStoreManager|Попытка авторизации пользователя
2021-04-01 02:17:46.6605|INFO|HospitalBL.MainServices.FurnitureStoreManager|Пользователь Ewq Qwe успешно авторизовался с правами Врач
2021-04-01 02:18:05.7882|INFO|HospitalBL.Model.Services.TreatmentService|Выполняется добаление лечения Лечение гриппа 1...
2021-04-01 02:18:05.7882|INFO|HospitalBL.Model.Services.TreatmentService|Выполняется валидация данных лечения Лечение гриппа 1...
2021-04-01 02:18:05.7992|INFO|HospitalBL.Model.Services.TreatmentService|Валидация завершена
2021-04-01 02:18:05.7992|INFO|HospitalBL.Model.Services.Service`1|Сохранение данных данных Treatment...
2021-04-01 02:18:05.8700|INFO|HospitalBL.Model.Services.Service`1|Данные сохранены
2021-04-01 02:18:05.8885|INFO|HospitalBL.Model.Services.TreatmentService|лечение Лечение гриппа 1 добавлено
2021-04-01 02:20:26.1479|DEBUG|HospitalBL.MainServices.FurnitureStoreManager|Начинается инициализация управляющего блока.
2021-04-01 02:20:26.6022|DEBUG|HospitalBL.MainServices.FurnitureStoreManager|Инициализация управляющего блока выполнена.
2021-04-01 02:20:26.6172|DEBUG|HospitalBL.MainServices.FurnitureStoreManager|Загрузка данных в управляющий блок...
2021-04-01 02:20:26.6272|INFO|HospitalBL.Model.Services.Service`1|Загрузка данных данных Employee...
2021-04-01 02:20:26.6446|INFO|HospitalBL.Model.Services.Service`1|Загрузка данных данных Treatment...
2021-04-01 02:20:26.6636|INFO|HospitalBL.Model.Services.Service`1|Загрузка данных данных Patient...
2021-04-01 02:20:26.6905|INFO|HospitalBL.Model.Services.Service`1|Загрузка данных данных Disease...
2021-04-01 02:20:26.6905|INFO|HospitalBL.Model.Services.Service`1|Загрузка данных данных Visit...
2021-04-01 02:20:26.7124|DEBUG|HospitalBL.MainServices.FurnitureStoreManager|Загрузка завершена.
2021-04-01 02:20:26.7264|DEBUG|HospitalBL.MainServices.FurnitureStoreManager|Инициализация главного менеджера...
2021-04-01 02:20:26.7424|DEBUG|HospitalBL.MainServices.FurnitureStoreManager|Менеджер инициализирован
2021-04-01 02:20:30.9086|INFO|HospitalBL.MainServices.FurnitureStoreManager|Попытка авторизации пользователя
2021-04-01 02:20:30.9086|INFO|HospitalBL.MainServices.FurnitureStoreManager|Пользователь Ewq Qwe успешно авторизовался с правами Врач
2021-04-01 02:21:06.4044|INFO|HospitalBL.Model.Services.TreatmentService|Выполняется добаление лечения Лечение гриппа 2...
2021-04-01 02:21:06.4104|INFO|HospitalBL.Model.Services.TreatmentService|Выполняется валидация данных лечения Лечение гриппа 2...
2021-04-01 02:21:06.4104|INFO|HospitalBL.Model.Services.TreatmentService|Валидация завершена
2021-04-01 02:21:06.4311|INFO|HospitalBL.Model.Services.Service`1|Сохранение данных данных Treatment...
2021-04-01 02:21:06.4770|INFO|HospitalBL.Model.Services.Service`1|Данные сохранены
2021-04-01 02:21:06.4770|INFO|HospitalBL.Model.Services.TreatmentService|лечение Лечение гриппа 2 добавлено
2021-04-01 02:23:25.5810|DEBUG|HospitalBL.MainServices.FurnitureStoreManager|Начинается инициализация управляющего блока.
2021-04-01 02:23:26.1216|DEBUG|HospitalBL.MainServices.FurnitureStoreManager|Инициализация управляющего блока выполнена.
2021-04-01 02:23:26.1495|DEBUG|HospitalBL.MainServices.FurnitureStoreManager|Загрузка данных в управляющий блок...
2021-04-01 02:23:26.1605|INFO|HospitalBL.Model.Services.Service`1|Загрузка данных данных Employee...
2021-04-01 02:23:26.1725|INFO|HospitalBL.Model.Services.Service`1|Загрузка данных данных Treatment...
2021-04-01 02:23:26.1725|INFO|HospitalBL.Model.Services.Service`1|Загрузка данных данных Patient...
2021-04-01 02:23:26.1924|INFO|HospitalBL.Model.Services.Service`1|Загрузка данных данных Disease...
2021-04-01 02:23:26.1924|INFO|HospitalBL.Model.Services.Service`1|Загрузка данных данных Visit...
2021-04-01 02:23:26.2107|DEBUG|HospitalBL.MainServices.FurnitureStoreManager|Загрузка завершена.
2021-04-01 02:23:26.2237|DEBUG|HospitalBL.MainServices.FurnitureStoreManager|Инициализация главного менеджера...
2021-04-01 02:23:26.2237|DEBUG|HospitalBL.MainServices.FurnitureStoreManager|Менеджер инициализирован
2021-04-01 02:23:30.5495|INFO|HospitalBL.MainServices.FurnitureStoreManager|Попытка авторизации пользователя
2021-04-01 02:23:30.5715|INFO|HospitalBL.MainServices.FurnitureStoreManager|Пользователь Ewq Qwe успешно авторизовался с правами Врач
2021-04-01 02:24:13.5395|INFO|HospitalBL.Model.Services.TreatmentService|Выполняется добаление лечения Лечение гриппа 1...
2021-04-01 02:24:13.5485|INFO|HospitalBL.Model.Services.TreatmentService|Выполняется валидация данных лечения Лечение гриппа 1...
2021-04-01 02:24:13.5485|INFO|HospitalBL.Model.Services.TreatmentService|Валидация завершена
2021-04-01 02:24:13.5844|INFO|HospitalBL.Model.Services.Service`1|Сохранение данных данных Treatment...
2021-04-01 02:24:13.6253|INFO|HospitalBL.Model.Services.Service`1|Данные сохранены
2021-04-01 02:24:13.6253|INFO|HospitalBL.Model.Services.TreatmentService|лечение Лечение гриппа 1 добавлено
2021-04-01 02:24:41.2186|INFO|HospitalBL.Model.Services.TreatmentService|Выполняется добаление лечения Лечение гриппа 1...
2021-04-01 02:24:41.2351|INFO|HospitalBL.Model.Services.TreatmentService|Выполняется валидация данных лечения Лечение гриппа 1...
2021-04-01 02:24:49.7069|INFO|HospitalBL.Model.Services.TreatmentService|Выполняется добаление лечения Лечение гриппа 1...
2021-04-01 02:24:49.7189|INFO|HospitalBL.Model.Services.TreatmentService|Выполняется валидация данных лечения Лечение гриппа 1...
2021-04-01 02:32:47.0311|DEBUG|HospitalBL.MainServices.FurnitureStoreManager|Начинается инициализация управляющего блока.
2021-04-01 02:32:47.4480|DEBUG|HospitalBL.MainServices.FurnitureStoreManager|Инициализация управляющего блока выполнена.
2021-04-01 02:32:47.4610|DEBUG|HospitalBL.MainServices.FurnitureStoreManager|Загрузка данных в управляющий блок...
2021-04-01 02:32:47.4700|INFO|HospitalBL.Model.Services.Service`1|Загрузка данных данных Employee...
2021-04-01 02:32:47.4879|INFO|HospitalBL.Model.Services.Service`1|Загрузка данных данных Treatment...
2021-04-01 02:32:47.5019|INFO|HospitalBL.Model.Services.Service`1|Загрузка данных данных Patient...
2021-04-01 02:32:47.5019|INFO|HospitalBL.Model.Services.Service`1|Загрузка данных данных Disease...
2021-04-01 02:32:47.5268|INFO|HospitalBL.Model.Services.Service`1|Загрузка данных данных Visit...
2021-04-01 02:32:47.5338|DEBUG|HospitalBL.MainServices.FurnitureStoreManager|Загрузка завершена.
2021-04-01 02:32:47.5338|DEBUG|HospitalBL.MainServices.FurnitureStoreManager|Инициализация главного менеджера...
2021-04-01 02:32:47.5707|DEBUG|HospitalBL.MainServices.FurnitureStoreManager|Менеджер инициализирован
2021-04-01 02:32:53.1095|INFO|HospitalBL.MainServices.FurnitureStoreManager|Попытка авторизации пользователя
2021-04-01 02:32:53.1095|INFO|HospitalBL.MainServices.FurnitureStoreManager|Пользователь Ewq Qwe успешно авторизовался с правами Врач
2021-04-01 02:33:13.0361|INFO|HospitalBL.Model.Services.TreatmentService|Выполняется добаление лечения Лечение гриппа 2...
2021-04-01 02:33:13.0361|INFO|HospitalBL.Model.Services.TreatmentService|Выполняется валидация данных лечения Лечение гриппа 2...
2021-04-01 02:34:35.1988|DEBUG|HospitalBL.MainServices.FurnitureStoreManager|Начинается инициализация управляющего блока.
2021-04-01 02:34:35.6863|DEBUG|HospitalBL.MainServices.FurnitureStoreManager|Инициализация управляющего блока выполнена.
2021-04-01 02:34:35.6973|DEBUG|HospitalBL.MainServices.FurnitureStoreManager|Загрузка данных в управляющий блок...
2021-04-01 02:34:35.7083|INFO|HospitalBL.Model.Services.Service`1|Загрузка данных данных Employee...
2021-04-01 02:34:35.7233|INFO|HospitalBL.Model.Services.Service`1|Загрузка данных данных Treatment...
2021-04-01 02:34:35.7383|INFO|HospitalBL.Model.Services.Service`1|Загрузка данных данных Patient...
2021-04-01 02:34:35.7553|INFO|HospitalBL.Model.Services.Service`1|Загрузка данных данных Disease...
2021-04-01 02:34:35.7663|INFO|HospitalBL.Model.Services.Service`1|Загрузка данных данных Visit...
2021-04-01 02:34:35.7663|DEBUG|HospitalBL.MainServices.FurnitureStoreManager|Загрузка завершена.
2021-04-01 02:34:35.7873|DEBUG|HospitalBL.MainServices.FurnitureStoreManager|Инициализация главного менеджера...
2021-04-01 02:34:35.8003|DEBUG|HospitalBL.MainServices.FurnitureStoreManager|Менеджер инициализирован
2021-04-01 02:34:39.7250|INFO|HospitalBL.MainServices.FurnitureStoreManager|Попытка авторизации пользователя
2021-04-01 02:34:39.7250|INFO|HospitalBL.MainServices.FurnitureStoreManager|Пользователь Ewq Qwe успешно авторизовался с правами Врач
2021-04-01 02:36:50.3060|DEBUG|HospitalBL.MainServices.FurnitureStoreManager|Начинается инициализация управляющего блока.
2021-04-01 02:36:50.8017|DEBUG|HospitalBL.MainServices.FurnitureStoreManager|Инициализация управляющего блока выполнена.
2021-04-01 02:36:50.8017|DEBUG|HospitalBL.MainServices.FurnitureStoreManager|Загрузка данных в управляющий блок...
2021-04-01 02:36:50.8226|INFO|HospitalBL.Model.Services.Service`1|Загрузка данных данных Employee...
2021-04-01 02:36:50.8286|INFO|HospitalBL.Model.Services.Service`1|Загрузка данных данных Treatment...
2021-04-01 02:36:50.8286|INFO|HospitalBL.Model.Services.Service`1|Загрузка данных данных Patient...
2021-04-01 02:36:50.8525|INFO|HospitalBL.Model.Services.Service`1|Загрузка данных данных Disease...
2021-04-01 02:36:50.8635|INFO|HospitalBL.Model.Services.Service`1|Загрузка данных данных Visit...
2021-04-01 02:36:50.8635|DEBUG|HospitalBL.MainServices.FurnitureStoreManager|Загрузка завершена.
2021-04-01 02:36:50.8816|DEBUG|HospitalBL.MainServices.FurnitureStoreManager|Инициализация главного менеджера...
2021-04-01 02:36:50.8915|DEBUG|HospitalBL.MainServices.FurnitureStoreManager|Менеджер инициализирован
2021-04-01 02:36:55.4286|INFO|HospitalBL.MainServices.FurnitureStoreManager|Попытка авторизации пользователя
2021-04-01 02:36:55.4396|INFO|HospitalBL.MainServices.FurnitureStoreManager|Пользователь Ewq Qwe успешно авторизовался с правами Врач
2021-04-01 02:41:42.9912|DEBUG|HospitalBL.MainServices.FurnitureStoreManager|Начинается инициализация управляющего блока.
2021-04-01 02:41:43.4824|DEBUG|HospitalBL.MainServices.FurnitureStoreManager|Инициализация управляющего блока выполнена.
2021-04-01 02:41:43.4934|DEBUG|HospitalBL.MainServices.FurnitureStoreManager|Загрузка данных в управляющий блок...
2021-04-01 02:41:43.5054|INFO|HospitalBL.Model.Services.Service`1|Загрузка данных данных Employee...
2021-04-01 02:41:43.5154|INFO|HospitalBL.Model.Services.Service`1|Загрузка данных данных Treatment...
2021-04-01 02:41:43.5154|INFO|HospitalBL.Model.Services.Service`1|Загрузка данных данных Patient...
2021-04-01 02:41:43.5373|INFO|HospitalBL.Model.Services.Service`1|Загрузка данных данных Disease...
2021-04-01 02:41:43.5523|INFO|HospitalBL.Model.Services.Service`1|Загрузка данных данных Visit...
2021-04-01 02:41:43.5652|DEBUG|HospitalBL.MainServices.FurnitureStoreManager|Загрузка завершена.
2021-04-01 02:41:43.5842|DEBUG|HospitalBL.MainServices.FurnitureStoreManager|Инициализация главного менеджера...
2021-04-01 02:41:43.6061|DEBUG|HospitalBL.MainServices.FurnitureStoreManager|Менеджер инициализирован
2021-04-01 02:41:48.2118|INFO|HospitalBL.MainServices.FurnitureStoreManager|Попытка авторизации пользователя
2021-04-01 02:41:48.2185|INFO|HospitalBL.MainServices.FurnitureStoreManager|Пользователь Ewq Qwe успешно авторизовался с правами Врач
2021-04-01 02:50:48.0856|DEBUG|HospitalBL.MainServices.FurnitureStoreManager|Начинается инициализация управляющего блока.
2021-04-01 02:50:48.4815|DEBUG|HospitalBL.MainServices.FurnitureStoreManager|Инициализация управляющего блока выполнена.
2021-04-01 02:50:48.4925|DEBUG|HospitalBL.MainServices.FurnitureStoreManager|Загрузка данных в управляющий блок...
2021-04-01 02:50:48.5534|INFO|HospitalBL.Model.Services.Service`1|Загрузка данных данных Employee...
2021-04-01 02:50:48.5653|INFO|HospitalBL.Model.Services.Service`1|Загрузка данных данных Treatment...
2021-04-01 02:50:48.5793|INFO|HospitalBL.Model.Services.Service`1|Загрузка данных данных Patient...
2021-04-01 02:50:48.5793|INFO|HospitalBL.Model.Services.Service`1|Загрузка данных данных Disease...
2021-04-01 02:50:48.6062|INFO|HospitalBL.Model.Services.Service`1|Загрузка данных данных Visit...
2021-04-01 02:50:48.6191|DEBUG|HospitalBL.MainServices.FurnitureStoreManager|Загрузка завершена.
2021-04-01 02:50:48.6371|DEBUG|HospitalBL.MainServices.FurnitureStoreManager|Инициализация главного менеджера...
2021-04-01 02:50:48.6560|DEBUG|HospitalBL.MainServices.FurnitureStoreManager|Менеджер инициализирован
2021-04-01 02:50:54.0837|INFO|HospitalBL.MainServices.FurnitureStoreManager|Попытка авторизации пользователя
2021-04-01 02:50:54.0837|INFO|HospitalBL.MainServices.FurnitureStoreManager|Пользователь Ewq Qwe успешно авторизовался с правами Врач
