2021-03-27 23:34:15.1022|DEBUG|HospitalBL.MainServices.FurnitureStoreManager|Начинается инициализация управляющего блока.
2021-03-27 23:34:15.3281|DEBUG|HospitalBL.MainServices.FurnitureStoreManager|Инициализация управляющего блока выполнена.
2021-03-27 23:34:15.3391|DEBUG|HospitalBL.MainServices.FurnitureStoreManager|Загрузка данных в управляющий блок...
2021-03-27 23:34:15.3391|INFO|HospitalBL.Model.Services.Service`1|Загрузка данных данных Employee...
2021-03-27 23:34:15.3620|DEBUG|HospitalBL.MainServices.FurnitureStoreManager|Загрузка завершена.
2021-03-27 23:34:15.3839|DEBUG|HospitalBL.MainServices.FurnitureStoreManager|Инициализация главного менеджера...
2021-03-27 23:34:15.4499|INFO|HospitalBL.Model.Services.EmployeeService|Выполняется добаление работника Admin Admin...
2021-03-27 23:34:15.4499|INFO|HospitalBL.Model.Services.EmployeeService|Выполняется добавление главного менеджера...
2021-03-27 23:34:15.4693|INFO|HospitalBL.Model.Services.EmployeeService|Выполняется валидация данных работника Admin Admin...
2021-03-27 23:34:15.4782|INFO|HospitalBL.Model.Services.EmployeeService|Валидация завершена
2021-03-27 23:34:15.4782|INFO|HospitalBL.Model.Services.Service`1|Сохранение данных данных Employee...
2021-03-27 23:34:15.7902|INFO|HospitalBL.Model.Services.Service`1|Данные сохранены
2021-03-27 23:34:15.8011|INFO|HospitalBL.Model.Services.EmployeeService|Главный менеджер добавлен Admin Admin
2021-03-27 23:34:15.8011|DEBUG|HospitalBL.MainServices.FurnitureStoreManager|Сохранение данных...
2021-03-27 23:34:15.8141|INFO|HospitalBL.Model.Services.Service`1|Сохранение данных данных Employee...
2021-03-27 23:34:15.8231|INFO|HospitalBL.Model.Services.Service`1|Данные сохранены
2021-03-27 23:34:15.8231|DEBUG|HospitalBL.MainServices.FurnitureStoreManager|Данные сохранены
2021-03-27 23:34:15.8386|DEBUG|HospitalBL.MainServices.FurnitureStoreManager|Менеджер инициализирован
2021-03-27 23:34:18.7185|INFO|HospitalBL.MainServices.FurnitureStoreManager|Попытка авторизации пользователя
2021-03-27 23:34:18.7185|INFO|HospitalBL.MainServices.FurnitureStoreManager|Пользователь Admin Admin успешно авторизовался с правами Менеджер
2021-03-27 23:34:45.5731|DEBUG|HospitalBL.MainServices.FurnitureStoreManager|Начинается инициализация управляющего блока.
2021-03-27 23:34:45.9249|DEBUG|HospitalBL.MainServices.FurnitureStoreManager|Инициализация управляющего блока выполнена.
2021-03-27 23:34:45.9349|DEBUG|HospitalBL.MainServices.FurnitureStoreManager|Загрузка данных в управляющий блок...
2021-03-27 23:34:45.9349|INFO|HospitalBL.Model.Services.Service`1|Загрузка данных данных Employee...
2021-03-27 23:34:45.9501|DEBUG|HospitalBL.MainServices.FurnitureStoreManager|Загрузка завершена.
2021-03-27 23:34:45.9700|DEBUG|HospitalBL.MainServices.FurnitureStoreManager|Инициализация главного менеджера...
2021-03-27 23:34:46.0625|DEBUG|HospitalBL.MainServices.FurnitureStoreManager|Менеджер инициализирован
2021-03-27 23:34:47.2062|INFO|HospitalBL.MainServices.FurnitureStoreManager|Попытка авторизации пользователя
2021-03-27 23:34:47.2142|INFO|HospitalBL.MainServices.FurnitureStoreManager|Пользователь Admin Admin успешно авторизовался с правами Менеджер
2021-03-27 23:35:28.1382|DEBUG|HospitalBL.MainServices.FurnitureStoreManager|Начинается инициализация управляющего блока.
2021-03-27 23:35:28.5416|DEBUG|HospitalBL.MainServices.FurnitureStoreManager|Инициализация управляющего блока выполнена.
2021-03-27 23:35:28.5416|DEBUG|HospitalBL.MainServices.FurnitureStoreManager|Загрузка данных в управляющий блок...
2021-03-27 23:35:28.5821|INFO|HospitalBL.Model.Services.Service`1|Загрузка данных данных Employee...
2021-03-27 23:35:28.6061|DEBUG|HospitalBL.MainServices.FurnitureStoreManager|Загрузка завершена.
2021-03-27 23:35:28.6410|DEBUG|HospitalBL.MainServices.FurnitureStoreManager|Инициализация главного менеджера...
2021-03-27 23:35:28.6630|DEBUG|HospitalBL.MainServices.FurnitureStoreManager|Менеджер инициализирован
2021-03-27 23:35:30.1496|INFO|HospitalBL.MainServices.FurnitureStoreManager|Попытка авторизации пользователя
2021-03-27 23:35:30.1576|INFO|HospitalBL.MainServices.FurnitureStoreManager|Пользователь Admin Admin успешно авторизовался с правами Менеджер
