2021-03-29 20:37:45.3094|DEBUG|HospitalBL.MainServices.FurnitureStoreManager|Начинается инициализация управляющего блока.
2021-03-29 20:37:45.6772|DEBUG|HospitalBL.MainServices.FurnitureStoreManager|Инициализация управляющего блока выполнена.
2021-03-29 20:37:45.6862|DEBUG|HospitalBL.MainServices.FurnitureStoreManager|Загрузка данных в управляющий блок...
2021-03-29 20:37:45.6862|INFO|HospitalBL.Model.Services.Service`1|Загрузка данных данных Employee...
2021-03-29 20:37:45.7002|INFO|HospitalBL.Model.Services.Service`1|Загрузка данных данных Customer...
2021-03-29 20:37:45.7002|DEBUG|HospitalBL.MainServices.FurnitureStoreManager|Загрузка завершена.
2021-03-29 20:37:45.7151|DEBUG|HospitalBL.MainServices.FurnitureStoreManager|Инициализация главного менеджера...
2021-03-29 20:37:45.7151|DEBUG|HospitalBL.MainServices.FurnitureStoreManager|Менеджер инициализирован
2021-03-29 20:37:48.8973|INFO|HospitalBL.MainServices.FurnitureStoreManager|Попытка авторизации пользователя
2021-03-29 20:37:48.9063|INFO|HospitalBL.MainServices.FurnitureStoreManager|Пользователь Admin Admin успешно авторизовался с правами Менеджер
2021-03-29 20:42:12.8348|DEBUG|HospitalBL.MainServices.FurnitureStoreManager|Начинается инициализация управляющего блока.
2021-03-29 20:42:13.3866|DEBUG|HospitalBL.MainServices.FurnitureStoreManager|Инициализация управляющего блока выполнена.
2021-03-29 20:42:13.3866|DEBUG|HospitalBL.MainServices.FurnitureStoreManager|Загрузка данных в управляющий блок...
2021-03-29 20:42:13.4093|INFO|HospitalBL.Model.Services.Service`1|Загрузка данных данных Employee...
2021-03-29 20:42:13.4203|INFO|HospitalBL.Model.Services.Service`1|Загрузка данных данных Customer...
2021-03-29 20:42:13.4333|DEBUG|HospitalBL.MainServices.FurnitureStoreManager|Загрузка завершена.
2021-03-29 20:42:13.4333|DEBUG|HospitalBL.MainServices.FurnitureStoreManager|Инициализация главного менеджера...
2021-03-29 20:42:13.5195|DEBUG|HospitalBL.MainServices.FurnitureStoreManager|Менеджер инициализирован
2021-03-29 20:42:15.3299|INFO|HospitalBL.MainServices.FurnitureStoreManager|Попытка авторизации пользователя
2021-03-29 20:42:15.3299|INFO|HospitalBL.MainServices.FurnitureStoreManager|Пользователь Admin Admin успешно авторизовался с правами Менеджер
2021-03-29 20:42:19.2406|INFO|HospitalBL.Model.Services.EmployeeService|Вычисление уровня доступа к профилю работника Admin Admin...
2021-03-29 20:42:19.2486|INFO|HospitalBL.Model.Services.EmployeeService|Уровень доступа к профилю работника Admin Admin вычислен
2021-03-29 20:43:06.1455|INFO|HospitalBL.Model.Services.EmployeeService|Выполняется добаление работника Asd Dsa...
2021-03-29 20:43:06.1525|INFO|HospitalBL.Model.Services.EmployeeService|Выполняется валидация данных работника Asd Dsa...
2021-03-29 20:43:09.7284|INFO|HospitalBL.Model.Services.EmployeeService|Выполняется добаление работника Asd Dsa...
2021-03-29 20:43:09.7373|INFO|HospitalBL.Model.Services.EmployeeService|Выполняется валидация данных работника Asd Dsa...
2021-03-29 20:43:09.7735|INFO|HospitalBL.Model.Services.EmployeeService|Валидация завершена
2021-03-29 20:43:09.7843|INFO|HospitalBL.Model.Services.Service`1|Сохранение данных данных Employee...
2021-03-29 20:43:09.8355|INFO|HospitalBL.Model.Services.Service`1|Данные сохранены
2021-03-29 20:43:09.8435|INFO|HospitalBL.Model.Services.EmployeeService|Работник Asd Dsa добавлен
2021-03-29 20:44:13.1271|DEBUG|HospitalBL.MainServices.FurnitureStoreManager|Начинается инициализация управляющего блока.
2021-03-29 20:44:13.5253|DEBUG|HospitalBL.MainServices.FurnitureStoreManager|Инициализация управляющего блока выполнена.
2021-03-29 20:44:13.5422|DEBUG|HospitalBL.MainServices.FurnitureStoreManager|Загрузка данных в управляющий блок...
2021-03-29 20:44:13.5542|INFO|HospitalBL.Model.Services.Service`1|Загрузка данных данных Employee...
2021-03-29 20:44:13.5721|INFO|HospitalBL.Model.Services.Service`1|Загрузка данных данных Customer...
2021-03-29 20:44:13.5831|DEBUG|HospitalBL.MainServices.FurnitureStoreManager|Загрузка завершена.
2021-03-29 20:44:13.6100|DEBUG|HospitalBL.MainServices.FurnitureStoreManager|Инициализация главного менеджера...
2021-03-29 20:44:13.6310|DEBUG|HospitalBL.MainServices.FurnitureStoreManager|Менеджер инициализирован
2021-03-29 20:44:27.2334|INFO|HospitalBL.MainServices.FurnitureStoreManager|Попытка авторизации пользователя
2021-03-29 20:44:27.2334|INFO|HospitalBL.MainServices.FurnitureStoreManager|Пользователь Asd Dsa успешно авторизовался с правами Регистратор
2021-03-29 20:44:31.4375|INFO|HospitalBL.Model.Services.EmployeeService|Вычисление уровня доступа к профилю работника Asd Dsa...
2021-03-29 20:44:31.4375|INFO|HospitalBL.Model.Services.EmployeeService|Уровень доступа к профилю работника Asd Dsa вычислен
2021-03-29 20:47:55.6405|DEBUG|HospitalBL.MainServices.FurnitureStoreManager|Начинается инициализация управляющего блока.
2021-03-29 20:47:56.0745|DEBUG|HospitalBL.MainServices.FurnitureStoreManager|Инициализация управляющего блока выполнена.
2021-03-29 20:47:56.1348|DEBUG|HospitalBL.MainServices.FurnitureStoreManager|Загрузка данных в управляющий блок...
2021-03-29 20:47:56.1747|INFO|HospitalBL.Model.Services.Service`1|Загрузка данных данных Employee...
2021-03-29 20:47:56.1867|INFO|HospitalBL.Model.Services.Service`1|Загрузка данных данных Customer...
2021-03-29 20:47:56.1997|DEBUG|HospitalBL.MainServices.FurnitureStoreManager|Загрузка завершена.
2021-03-29 20:47:56.2186|DEBUG|HospitalBL.MainServices.FurnitureStoreManager|Инициализация главного менеджера...
2021-03-29 20:47:56.2316|DEBUG|HospitalBL.MainServices.FurnitureStoreManager|Менеджер инициализирован
2021-03-29 20:47:57.2116|INFO|HospitalBL.MainServices.FurnitureStoreManager|Попытка авторизации пользователя
2021-03-29 20:47:57.2236|INFO|HospitalBL.MainServices.FurnitureStoreManager|Пользователь Admin Admin успешно авторизовался с правами Менеджер
2021-03-29 20:47:59.3950|INFO|HospitalBL.MainServices.FurnitureStoreManager|Пользователь Admin Admin с правами Менеджер вышел из системы
2021-03-29 20:47:59.4046|DEBUG|HospitalBL.MainServices.FurnitureStoreManager|Сохранение данных...
2021-03-29 20:47:59.4046|INFO|HospitalBL.Model.Services.Service`1|Сохранение данных данных Employee...
2021-03-29 20:47:59.4571|INFO|HospitalBL.Model.Services.Service`1|Данные сохранены
2021-03-29 20:47:59.4571|INFO|HospitalBL.Model.Services.Service`1|Сохранение данных данных Customer...
2021-03-29 20:47:59.4786|INFO|HospitalBL.Model.Services.Service`1|Данные сохранены
2021-03-29 20:47:59.4836|DEBUG|HospitalBL.MainServices.FurnitureStoreManager|Данные сохранены
2021-03-29 20:48:06.2081|INFO|HospitalBL.MainServices.FurnitureStoreManager|Попытка авторизации пользователя
2021-03-29 20:48:06.2150|INFO|HospitalBL.MainServices.FurnitureStoreManager|Пользователь Asd Dsa успешно авторизовался с правами Регистратор
2021-03-29 20:49:19.8018|INFO|HospitalBL.Model.Services.CustomerService|Выполняется добаление пациента Rty Ytr...
2021-03-29 20:49:19.8118|INFO|HospitalBL.Model.Services.CustomerService|Выполняется валидация данных пациента Rty Ytr...
2021-03-29 20:49:19.8118|INFO|HospitalBL.Model.Services.CustomerService|Валидация завершена
2021-03-29 20:49:19.8841|INFO|HospitalBL.Model.Services.Service`1|Сохранение данных данных Customer...
2021-03-29 20:49:19.9051|INFO|HospitalBL.Model.Services.Service`1|Данные сохранены
2021-03-29 20:49:19.9051|INFO|HospitalBL.Model.Services.CustomerService|Пациент Rty Ytr добавлен
2021-03-29 20:49:31.6869|INFO|HospitalBL.Model.Services.CustomerService|Выполняется удаления пациента...
2021-03-29 20:49:31.7049|INFO|HospitalBL.Model.Services.Service`1|Сохранение данных данных Customer...
2021-03-29 20:49:31.7149|INFO|HospitalBL.Model.Services.Service`1|Данные сохранены
2021-03-29 20:49:31.7149|INFO|HospitalBL.Model.Services.CustomerService|Пациент удален
2021-03-29 20:49:42.6004|INFO|HospitalBL.Model.Services.CustomerService|Выполняется добаление пациента Rty Ytr...
2021-03-29 20:49:42.6054|INFO|HospitalBL.Model.Services.CustomerService|Выполняется валидация данных пациента Rty Ytr...
2021-03-29 20:49:42.6054|INFO|HospitalBL.Model.Services.CustomerService|Валидация завершена
2021-03-29 20:49:42.6304|INFO|HospitalBL.Model.Services.Service`1|Сохранение данных данных Customer...
2021-03-29 20:49:42.6431|INFO|HospitalBL.Model.Services.Service`1|Данные сохранены
2021-03-29 20:49:42.6431|INFO|HospitalBL.Model.Services.CustomerService|Пациент Rty Ytr добавлен
2021-03-29 20:49:57.6161|INFO|HospitalBL.Model.Services.CustomerService|Выполняется добаление пациента Rty Ytr...
2021-03-29 20:49:57.6210|INFO|HospitalBL.Model.Services.CustomerService|Выполняется валидация данных пациента Rty Ytr...
2021-03-29 20:50:08.2965|INFO|HospitalBL.Model.Services.CustomerService|Выполняется добаление пациента Rty Ytg...
2021-03-29 20:50:08.2965|INFO|HospitalBL.Model.Services.CustomerService|Выполняется валидация данных пациента Rty Ytg...
2021-03-29 20:50:08.3122|INFO|HospitalBL.Model.Services.CustomerService|Валидация завершена
2021-03-29 20:50:08.3122|INFO|HospitalBL.Model.Services.Service`1|Сохранение данных данных Customer...
2021-03-29 20:50:08.3311|INFO|HospitalBL.Model.Services.Service`1|Данные сохранены
2021-03-29 20:50:08.3311|INFO|HospitalBL.Model.Services.CustomerService|Пациент Rty Ytg добавлен
2021-03-29 20:50:44.5763|INFO|HospitalBL.Model.Services.CustomerService|Выполняется редактирование пациента...
2021-03-29 20:50:44.5763|INFO|HospitalBL.Model.Services.CustomerService|Выполняется валидация данных пациента Vbn Nbv...
2021-03-29 20:50:44.5903|INFO|HospitalBL.Model.Services.CustomerService|Валидация завершена
2021-03-29 20:50:44.5903|INFO|HospitalBL.Model.Services.CustomerService|Редактирование пациента Rty Ytg...
2021-03-29 20:50:44.6107|INFO|HospitalBL.Model.Services.CustomerService|Редактирование завершено
2021-03-29 20:50:44.6107|INFO|HospitalBL.Model.Services.Service`1|Сохранение данных данных Customer...
2021-03-29 20:50:44.6296|INFO|HospitalBL.Model.Services.Service`1|Данные сохранены
2021-03-29 20:52:07.7495|DEBUG|HospitalBL.MainServices.FurnitureStoreManager|Начинается инициализация управляющего блока.
2021-03-29 20:52:08.1895|DEBUG|HospitalBL.MainServices.FurnitureStoreManager|Инициализация управляющего блока выполнена.
2021-03-29 20:52:08.2075|DEBUG|HospitalBL.MainServices.FurnitureStoreManager|Загрузка данных в управляющий блок...
2021-03-29 20:52:08.2254|INFO|HospitalBL.Model.Services.Service`1|Загрузка данных данных Employee...
2021-03-29 20:52:08.2424|INFO|HospitalBL.Model.Services.Service`1|Загрузка данных данных Customer...
2021-03-29 20:52:08.2763|DEBUG|HospitalBL.MainServices.FurnitureStoreManager|Загрузка завершена.
2021-03-29 20:52:08.2873|DEBUG|HospitalBL.MainServices.FurnitureStoreManager|Инициализация главного менеджера...
2021-03-29 20:52:08.3062|DEBUG|HospitalBL.MainServices.FurnitureStoreManager|Менеджер инициализирован
2021-03-29 20:52:09.3934|INFO|HospitalBL.MainServices.FurnitureStoreManager|Попытка авторизации пользователя
2021-03-29 20:52:09.3934|INFO|HospitalBL.MainServices.FurnitureStoreManager|Пользователь Admin Admin успешно авторизовался с правами Менеджер
2021-03-29 20:54:15.8853|DEBUG|HospitalBL.MainServices.FurnitureStoreManager|Начинается инициализация управляющего блока.
2021-03-29 20:54:16.3173|DEBUG|HospitalBL.MainServices.FurnitureStoreManager|Инициализация управляющего блока выполнена.
2021-03-29 20:54:16.3533|DEBUG|HospitalBL.MainServices.FurnitureStoreManager|Загрузка данных в управляющий блок...
2021-03-29 20:54:16.3653|INFO|HospitalBL.Model.Services.Service`1|Загрузка данных данных Employee...
2021-03-29 20:54:16.3743|INFO|HospitalBL.Model.Services.Service`1|Загрузка данных данных Customer...
2021-03-29 20:54:16.3743|DEBUG|HospitalBL.MainServices.FurnitureStoreManager|Загрузка завершена.
2021-03-29 20:54:16.3913|DEBUG|HospitalBL.MainServices.FurnitureStoreManager|Инициализация главного менеджера...
2021-03-29 20:54:16.4053|DEBUG|HospitalBL.MainServices.FurnitureStoreManager|Менеджер инициализирован
2021-03-29 20:54:18.0103|INFO|HospitalBL.MainServices.FurnitureStoreManager|Попытка авторизации пользователя
2021-03-29 20:54:18.0173|INFO|HospitalBL.MainServices.FurnitureStoreManager|Пользователь Admin Admin успешно авторизовался с правами Менеджер
2021-03-29 20:55:10.2856|INFO|HospitalBL.MainServices.FurnitureStoreManager|Пользователь Admin Admin с правами Менеджер вышел из системы
2021-03-29 20:55:10.2856|DEBUG|HospitalBL.MainServices.FurnitureStoreManager|Сохранение данных...
2021-03-29 20:55:10.2975|INFO|HospitalBL.Model.Services.Service`1|Сохранение данных данных Employee...
2021-03-29 20:55:10.3390|INFO|HospitalBL.Model.Services.Service`1|Данные сохранены
2021-03-29 20:55:10.3469|INFO|HospitalBL.Model.Services.Service`1|Сохранение данных данных Customer...
2021-03-29 20:55:10.3560|INFO|HospitalBL.Model.Services.Service`1|Данные сохранены
2021-03-29 20:55:10.3560|DEBUG|HospitalBL.MainServices.FurnitureStoreManager|Данные сохранены
2021-03-29 20:55:16.9996|INFO|HospitalBL.MainServices.FurnitureStoreManager|Попытка авторизации пользователя
2021-03-29 20:55:16.9996|INFO|HospitalBL.MainServices.FurnitureStoreManager|Пользователь Asd Dsa успешно авторизовался с правами Регистратор
