2021-04-02 23:49:28.8288|DEBUG|HospitalBL.MainServices.FurnitureStoreManager|Начинается инициализация управляющего блока.
2021-04-02 23:49:29.6116|DEBUG|HospitalBL.MainServices.FurnitureStoreManager|Инициализация управляющего блока выполнена.
2021-04-02 23:49:29.6116|DEBUG|HospitalBL.MainServices.FurnitureStoreManager|Инициализация главного менеджера...
2021-04-02 23:49:29.6255|DEBUG|HospitalBL.MainServices.FurnitureStoreManager|Менеджер инициализирован
2021-04-02 23:49:48.2015|INFO|HospitalBL.MainServices.FurnitureStoreManager|Попытка авторизации пользователя
2021-04-02 23:49:48.2075|INFO|HospitalBL.MainServices.FurnitureStoreManager|Пользователь Ewq Qwe успешно авторизовался с правами Врач
2021-04-02 23:49:59.0068|INFO|HospitalBL.MainServices.FurnitureStoreManager|Пользователь Ewq Qwe с правами Врач вышел из системы
2021-04-02 23:49:59.0267|DEBUG|HospitalBL.MainServices.FurnitureStoreManager|Сохранение данных...
2021-04-02 23:49:59.0407|INFO|HospitalBL.Model.Services.Service`1|Сохранение данных данных Employee...
2021-04-02 23:49:59.1277|INFO|HospitalBL.Model.Services.Service`1|Данные сохранены
2021-04-02 23:49:59.1277|INFO|HospitalBL.Model.Services.Service`1|Сохранение данных данных Diagnosis...
2021-04-02 23:49:59.1613|INFO|HospitalBL.Model.Services.Service`1|Данные сохранены
2021-04-02 23:49:59.1859|INFO|HospitalBL.Model.Services.Service`1|Сохранение данных данных Treatment...
2021-04-02 23:49:59.2050|INFO|HospitalBL.Model.Services.Service`1|Данные сохранены
2021-04-02 23:49:59.2220|INFO|HospitalBL.Model.Services.Service`1|Сохранение данных данных Patient...
2021-04-02 23:49:59.2389|INFO|HospitalBL.Model.Services.Service`1|Данные сохранены
2021-04-02 23:49:59.2529|INFO|HospitalBL.Model.Services.Service`1|Сохранение данных данных Disease...
2021-04-02 23:49:59.2695|INFO|HospitalBL.Model.Services.Service`1|Данные сохранены
2021-04-02 23:49:59.2827|INFO|HospitalBL.Model.Services.Service`1|Сохранение данных данных Visit...
2021-04-02 23:49:59.2996|INFO|HospitalBL.Model.Services.Service`1|Данные сохранены
2021-04-02 23:49:59.3136|DEBUG|HospitalBL.MainServices.FurnitureStoreManager|Данные сохранены
2021-04-02 23:50:04.9272|INFO|HospitalBL.MainServices.FurnitureStoreManager|Попытка авторизации пользователя
2021-04-02 23:50:04.9392|INFO|HospitalBL.MainServices.FurnitureStoreManager|Пользователь Asd Dsa успешно авторизовался с правами Регистратор
2021-04-02 23:50:20.4866|INFO|HospitalBL.MainServices.FurnitureStoreManager|Попытка авторизации пользователя
2021-04-02 23:50:20.5115|INFO|HospitalBL.MainServices.FurnitureStoreManager|Пользователь Asd Dsa успешно авторизовался с правами Регистратор
2021-04-02 23:51:16.5765|INFO|HospitalBL.MainServices.FurnitureStoreManager|Пользователь Asd Dsa с правами Регистратор вышел из системы
2021-04-02 23:51:16.5894|DEBUG|HospitalBL.MainServices.FurnitureStoreManager|Сохранение данных...
2021-04-02 23:51:16.6018|INFO|HospitalBL.Model.Services.Service`1|Сохранение данных данных Employee...
2021-04-02 23:51:16.6167|INFO|HospitalBL.Model.Services.Service`1|Данные сохранены
2021-04-02 23:51:16.6297|INFO|HospitalBL.Model.Services.Service`1|Сохранение данных данных Diagnosis...
2021-04-02 23:51:16.6446|INFO|HospitalBL.Model.Services.Service`1|Данные сохранены
2021-04-02 23:51:16.6566|INFO|HospitalBL.Model.Services.Service`1|Сохранение данных данных Treatment...
2021-04-02 23:51:16.6716|INFO|HospitalBL.Model.Services.Service`1|Данные сохранены
2021-04-02 23:51:16.6716|INFO|HospitalBL.Model.Services.Service`1|Сохранение данных данных Patient...
2021-04-02 23:51:16.6999|INFO|HospitalBL.Model.Services.Service`1|Данные сохранены
2021-04-02 23:51:16.7139|INFO|HospitalBL.Model.Services.Service`1|Сохранение данных данных Disease...
2021-04-02 23:51:16.7299|INFO|HospitalBL.Model.Services.Service`1|Данные сохранены
2021-04-02 23:51:16.7458|INFO|HospitalBL.Model.Services.Service`1|Сохранение данных данных Visit...
2021-04-02 23:51:16.7638|INFO|HospitalBL.Model.Services.Service`1|Данные сохранены
2021-04-02 23:51:16.7768|DEBUG|HospitalBL.MainServices.FurnitureStoreManager|Данные сохранены
2021-04-02 23:51:21.9751|INFO|HospitalBL.MainServices.FurnitureStoreManager|Попытка авторизации пользователя
2021-04-02 23:51:21.9888|INFO|HospitalBL.MainServices.FurnitureStoreManager|Пользователь Ewq Qwe успешно авторизовался с правами Врач
2021-04-02 23:53:41.8889|DEBUG|HospitalBL.MainServices.FurnitureStoreManager|Начинается инициализация управляющего блока.
2021-04-02 23:53:42.2559|DEBUG|HospitalBL.MainServices.FurnitureStoreManager|Инициализация управляющего блока выполнена.
2021-04-02 23:53:42.2958|DEBUG|HospitalBL.MainServices.FurnitureStoreManager|Инициализация главного менеджера...
2021-04-02 23:53:42.3307|DEBUG|HospitalBL.MainServices.FurnitureStoreManager|Менеджер инициализирован
2021-04-02 23:54:17.4245|INFO|HospitalBL.MainServices.FurnitureStoreManager|Попытка авторизации пользователя
2021-04-02 23:54:17.4470|INFO|HospitalBL.MainServices.FurnitureStoreManager|Пользователь Ewq Qwe успешно авторизовался с правами Врач
2021-04-02 23:55:48.4166|DEBUG|HospitalBL.MainServices.FurnitureStoreManager|Начинается инициализация управляющего блока.
2021-04-02 23:55:48.8740|DEBUG|HospitalBL.MainServices.FurnitureStoreManager|Инициализация управляющего блока выполнена.
2021-04-02 23:55:48.9029|DEBUG|HospitalBL.MainServices.FurnitureStoreManager|Инициализация главного менеджера...
2021-04-02 23:55:48.9229|DEBUG|HospitalBL.MainServices.FurnitureStoreManager|Менеджер инициализирован
2021-04-02 23:55:53.2964|INFO|HospitalBL.MainServices.FurnitureStoreManager|Попытка авторизации пользователя
2021-04-02 23:55:53.3143|INFO|HospitalBL.MainServices.FurnitureStoreManager|Пользователь Ewq Qwe успешно авторизовался с правами Врач
