2021-04-07 20:02:32.5809|DEBUG|HospitalBL.MainServices.HospitalManager|Начинается инициализация управляющего блока.
2021-04-07 20:02:33.4990|DEBUG|HospitalBL.MainServices.HospitalManager|Инициализация управляющего блока выполнена.
2021-04-07 20:02:33.5030|DEBUG|HospitalBL.MainServices.HospitalManager|Инициализация главного менеджера...
2021-04-07 20:02:33.5030|DEBUG|HospitalBL.MainServices.HospitalManager|Менеджер инициализирован
2021-04-07 20:02:53.9021|INFO|HospitalBL.MainServices.HospitalManager|Попытка авторизации пользователя
2021-04-07 20:02:53.9021|INFO|HospitalBL.MainServices.HospitalManager|Пользователь Admin Admin успешно авторизовался с правами Менеджер
2021-04-07 20:03:09.4680|INFO|HospitalBL.Model.Services.EmployeeService|Вычисление уровня доступа к профилю работника Asd Dsa...
2021-04-07 20:03:09.4680|INFO|HospitalBL.Model.Services.EmployeeService|Уровень доступа к профилю работника Asd Dsa вычислен
2021-04-07 20:03:24.1529|INFO|HospitalBL.Model.Services.EmployeeService|Вычисление уровня доступа к профилю работника Ewq Qwe...
2021-04-07 20:03:24.1529|INFO|HospitalBL.Model.Services.EmployeeService|Уровень доступа к профилю работника Ewq Qwe вычислен
2021-04-07 20:03:33.4144|INFO|HospitalBL.MainServices.HospitalManager|Пользователь Admin Admin с правами Менеджер вышел из системы
2021-04-07 20:03:33.4144|DEBUG|HospitalBL.MainServices.HospitalManager|Сохранение данных...
2021-04-07 20:03:33.4144|INFO|HospitalBL.Model.Services.Service`1|Сохранение данных данных Employee...
2021-04-07 20:03:33.4654|INFO|HospitalBL.Model.Services.Service`1|Данные сохранены
2021-04-07 20:03:33.4654|INFO|HospitalBL.Model.Services.Service`1|Сохранение данных данных Diagnosis...
2021-04-07 20:03:33.4704|INFO|HospitalBL.Model.Services.Service`1|Данные сохранены
2021-04-07 20:03:33.4704|INFO|HospitalBL.Model.Services.Service`1|Сохранение данных данных Treatment...
2021-04-07 20:03:33.4704|INFO|HospitalBL.Model.Services.Service`1|Данные сохранены
2021-04-07 20:03:33.4704|INFO|HospitalBL.Model.Services.Service`1|Сохранение данных данных Patient...
2021-04-07 20:03:33.4704|INFO|HospitalBL.Model.Services.Service`1|Данные сохранены
2021-04-07 20:03:33.4704|INFO|HospitalBL.Model.Services.Service`1|Сохранение данных данных Disease...
2021-04-07 20:03:33.4704|INFO|HospitalBL.Model.Services.Service`1|Данные сохранены
2021-04-07 20:03:33.4704|INFO|HospitalBL.Model.Services.Service`1|Сохранение данных данных Visit...
2021-04-07 20:03:33.4864|INFO|HospitalBL.Model.Services.Service`1|Данные сохранены
2021-04-07 20:03:33.4864|DEBUG|HospitalBL.MainServices.HospitalManager|Данные сохранены
2021-04-07 20:03:38.6837|INFO|HospitalBL.MainServices.HospitalManager|Попытка авторизации пользователя
2021-04-07 20:03:38.6837|ERROR|HospitalBL.MainServices.HospitalManager|Логин и/или пароль неверен
2021-04-07 20:03:45.6271|INFO|HospitalBL.MainServices.HospitalManager|Попытка авторизации пользователя
2021-04-07 20:03:45.6271|INFO|HospitalBL.MainServices.HospitalManager|Пользователь Asd Dsa успешно авторизовался с правами Регистратор
2021-04-07 20:04:12.2926|INFO|HospitalBL.Model.Services.PatientService|Выполняется редактирование пациента...
2021-04-07 20:04:12.2926|INFO|HospitalBL.Model.Services.PatientService|Выполняется валидация данных пациента Иван Гаврилов...
2021-04-07 20:04:12.2956|INFO|HospitalBL.Model.Services.PatientService|Валидация завершена
2021-04-07 20:04:12.2956|INFO|HospitalBL.Model.Services.PatientService|Редактирование пациента Rty Ytr...
2021-04-07 20:04:12.2956|INFO|HospitalBL.Model.Services.PatientService|Редактирование завершено
2021-04-07 20:04:12.2956|INFO|HospitalBL.Model.Services.Service`1|Сохранение данных данных Patient...
2021-04-07 20:04:12.2956|INFO|HospitalBL.Model.Services.Service`1|Данные сохранены
2021-04-07 20:04:23.9073|INFO|HospitalBL.Model.Services.PatientService|Выполняется редактирование пациента...
2021-04-07 20:04:23.9073|INFO|HospitalBL.Model.Services.PatientService|Выполняется валидация данных пациента Сергей Иванов...
2021-04-07 20:04:23.9073|INFO|HospitalBL.Model.Services.PatientService|Валидация завершена
2021-04-07 20:04:23.9073|INFO|HospitalBL.Model.Services.PatientService|Редактирование пациента Vbn Nbv...
2021-04-07 20:04:23.9073|INFO|HospitalBL.Model.Services.PatientService|Редактирование завершено
2021-04-07 20:04:23.9073|INFO|HospitalBL.Model.Services.Service`1|Сохранение данных данных Patient...
2021-04-07 20:04:23.9073|INFO|HospitalBL.Model.Services.Service`1|Данные сохранены
2021-04-07 20:05:08.2938|INFO|HospitalBL.MainServices.HospitalManager|Пользователь Asd Dsa с правами Регистратор вышел из системы
2021-04-07 20:05:08.2938|DEBUG|HospitalBL.MainServices.HospitalManager|Сохранение данных...
2021-04-07 20:05:08.2938|INFO|HospitalBL.Model.Services.Service`1|Сохранение данных данных Employee...
2021-04-07 20:05:08.2938|INFO|HospitalBL.Model.Services.Service`1|Данные сохранены
2021-04-07 20:05:08.2938|INFO|HospitalBL.Model.Services.Service`1|Сохранение данных данных Diagnosis...
2021-04-07 20:05:08.2938|INFO|HospitalBL.Model.Services.Service`1|Данные сохранены
2021-04-07 20:05:08.2938|INFO|HospitalBL.Model.Services.Service`1|Сохранение данных данных Treatment...
2021-04-07 20:05:08.2938|INFO|HospitalBL.Model.Services.Service`1|Данные сохранены
2021-04-07 20:05:08.2998|INFO|HospitalBL.Model.Services.Service`1|Сохранение данных данных Patient...
2021-04-07 20:05:08.2998|INFO|HospitalBL.Model.Services.Service`1|Данные сохранены
2021-04-07 20:05:08.2998|INFO|HospitalBL.Model.Services.Service`1|Сохранение данных данных Disease...
2021-04-07 20:05:08.2998|INFO|HospitalBL.Model.Services.Service`1|Данные сохранены
2021-04-07 20:05:08.2998|INFO|HospitalBL.Model.Services.Service`1|Сохранение данных данных Visit...
2021-04-07 20:05:08.2998|INFO|HospitalBL.Model.Services.Service`1|Данные сохранены
2021-04-07 20:05:08.2998|DEBUG|HospitalBL.MainServices.HospitalManager|Данные сохранены
2021-04-07 20:05:14.9682|INFO|HospitalBL.MainServices.HospitalManager|Попытка авторизации пользователя
2021-04-07 20:05:14.9682|INFO|HospitalBL.MainServices.HospitalManager|Пользователь Ewq Qwe успешно авторизовался с правами Врач
2021-04-07 20:05:36.1804|INFO|HospitalBL.Model.Services.EmployeeService|Вычисление уровня доступа к профилю работника Ewq Qwe...
2021-04-07 20:05:36.1804|INFO|HospitalBL.Model.Services.EmployeeService|Уровень доступа к профилю работника Ewq Qwe вычислен
2021-04-07 20:05:47.8421|INFO|HospitalBL.Model.Services.EmployeeService|Вычисление уровня доступа к профилю работника Ewq Qwe...
2021-04-07 20:05:47.8421|INFO|HospitalBL.Model.Services.EmployeeService|Уровень доступа к профилю работника Ewq Qwe вычислен
2021-04-07 20:05:50.9823|INFO|HospitalBL.MainServices.HospitalManager|Пользователь Ewq Qwe с правами Врач вышел из системы
2021-04-07 20:05:50.9823|DEBUG|HospitalBL.MainServices.HospitalManager|Сохранение данных...
2021-04-07 20:05:50.9823|INFO|HospitalBL.Model.Services.Service`1|Сохранение данных данных Employee...
2021-04-07 20:05:50.9823|INFO|HospitalBL.Model.Services.Service`1|Данные сохранены
2021-04-07 20:05:50.9823|INFO|HospitalBL.Model.Services.Service`1|Сохранение данных данных Diagnosis...
2021-04-07 20:05:50.9823|INFO|HospitalBL.Model.Services.Service`1|Данные сохранены
2021-04-07 20:05:50.9823|INFO|HospitalBL.Model.Services.Service`1|Сохранение данных данных Treatment...
2021-04-07 20:05:50.9823|INFO|HospitalBL.Model.Services.Service`1|Данные сохранены
2021-04-07 20:05:50.9823|INFO|HospitalBL.Model.Services.Service`1|Сохранение данных данных Patient...
2021-04-07 20:05:50.9823|INFO|HospitalBL.Model.Services.Service`1|Данные сохранены
2021-04-07 20:05:50.9823|INFO|HospitalBL.Model.Services.Service`1|Сохранение данных данных Disease...
2021-04-07 20:05:50.9823|INFO|HospitalBL.Model.Services.Service`1|Данные сохранены
2021-04-07 20:05:50.9823|INFO|HospitalBL.Model.Services.Service`1|Сохранение данных данных Visit...
2021-04-07 20:05:50.9823|INFO|HospitalBL.Model.Services.Service`1|Данные сохранены
2021-04-07 20:05:50.9823|DEBUG|HospitalBL.MainServices.HospitalManager|Данные сохранены
2021-04-07 20:07:18.7393|INFO|HospitalBL.MainServices.HospitalManager|Попытка авторизации пользователя
2021-04-07 20:07:18.7393|INFO|HospitalBL.MainServices.HospitalManager|Пользователь Ewq Qwe успешно авторизовался с правами Врач
2021-04-07 20:09:07.9805|INFO|HospitalBL.Model.Services.DiseaseService|Выполняется добаление заболевания Covid-19...
2021-04-07 20:09:07.9805|INFO|HospitalBL.Model.Services.DiseaseService|Выполняется валидация данных заболевания Covid-19...
2021-04-07 20:09:07.9805|INFO|HospitalBL.Model.Services.DiseaseService|Валидация завершена
2021-04-07 20:09:07.9805|INFO|HospitalBL.Model.Services.Service`1|Сохранение данных данных Disease...
2021-04-07 20:09:07.9805|INFO|HospitalBL.Model.Services.Service`1|Данные сохранены
2021-04-07 20:09:07.9805|INFO|HospitalBL.Model.Services.DiseaseService|Заболевание Covid-19 добавлена
2021-04-07 20:09:48.1948|INFO|HospitalBL.Model.Services.EmployeeService|Вычисление уровня доступа к профилю работника Ewq Qwe...
2021-04-07 20:09:48.1948|INFO|HospitalBL.Model.Services.EmployeeService|Уровень доступа к профилю работника Ewq Qwe вычислен
2021-04-07 20:10:11.0361|INFO|HospitalBL.MainServices.HospitalManager|Попытка авторизации пользователя
2021-04-07 20:10:11.0361|INFO|HospitalBL.MainServices.HospitalManager|Пользователь Asd Dsa успешно авторизовался с правами Регистратор
2021-04-07 20:10:44.0360|INFO|HospitalBL.Model.Services.PatientService|Выполняется добаление пациента Павел Понфилов...
2021-04-07 20:10:44.0360|INFO|HospitalBL.Model.Services.PatientService|Выполняется валидация данных пациента Павел Понфилов...
2021-04-07 20:10:53.6596|INFO|HospitalBL.Model.Services.PatientService|Выполняется добаление пациента Павел Понфилов...
2021-04-07 20:10:53.6596|INFO|HospitalBL.Model.Services.PatientService|Выполняется валидация данных пациента Павел Понфилов...
2021-04-07 20:10:53.6596|INFO|HospitalBL.Model.Services.PatientService|Валидация завершена
2021-04-07 20:10:53.6596|INFO|HospitalBL.Model.Services.Service`1|Сохранение данных данных Patient...
2021-04-07 20:10:53.6596|INFO|HospitalBL.Model.Services.Service`1|Данные сохранены
2021-04-07 20:10:53.6596|INFO|HospitalBL.Model.Services.PatientService|Пациент Павел Понфилов добавлен
2021-04-07 20:12:38.9576|INFO|HospitalBL.Model.Services.VisitService|Выполняется добаление визита 0 07.04.2021 0:00:00 20:11:03.1701613...
2021-04-07 20:12:38.9576|INFO|HospitalBL.Model.Services.VisitService|Выполняется валидация данных визита 0 07.04.2021 0:00:00 20:11:03.1701613...
2021-04-07 20:12:45.3720|INFO|HospitalBL.Model.Services.VisitService|Выполняется добаление визита 0 10.04.2021 0:00:00 20:11:03.1701613...
2021-04-07 20:12:45.3720|INFO|HospitalBL.Model.Services.VisitService|Выполняется валидация данных визита 0 10.04.2021 0:00:00 20:11:03.1701613...
2021-04-07 20:12:54.0755|INFO|HospitalBL.Model.Services.VisitService|Выполняется добаление визита 0 11.04.2021 0:00:00 20:11:03.1701613...
2021-04-07 20:12:54.0755|INFO|HospitalBL.Model.Services.VisitService|Выполняется валидация данных визита 0 11.04.2021 0:00:00 20:11:03.1701613...
2021-04-07 20:13:18.0918|INFO|HospitalBL.Model.Services.VisitService|Выполняется добаление визита 0 11.04.2021 0:00:00 20:14:03...
2021-04-07 20:13:18.0918|INFO|HospitalBL.Model.Services.VisitService|Выполняется валидация данных визита 0 11.04.2021 0:00:00 20:14:03...
2021-04-07 20:13:18.0918|INFO|HospitalBL.Model.Services.VisitService|Валидация завершена
2021-04-07 20:13:18.1628|INFO|HospitalBL.Model.Services.Service`1|Сохранение данных данных Visit...
2021-04-07 20:13:18.1628|INFO|HospitalBL.Model.Services.Service`1|Данные сохранены
2021-04-07 20:13:18.1628|INFO|HospitalBL.Model.Services.VisitService|Визит 2 11.04.2021 0:00:00 20:14:03 добавлен
2021-04-07 20:16:49.5449|DEBUG|HospitalBL.MainServices.HospitalManager|Начинается инициализация управляющего блока.
2021-04-07 20:16:50.3150|DEBUG|HospitalBL.MainServices.HospitalManager|Инициализация управляющего блока выполнена.
2021-04-07 20:16:50.6920|DEBUG|HospitalBL.MainServices.HospitalManager|Инициализация главного менеджера...
2021-04-07 20:16:50.6940|DEBUG|HospitalBL.MainServices.HospitalManager|Менеджер инициализирован
2021-04-07 20:16:59.1745|INFO|HospitalBL.MainServices.HospitalManager|Попытка авторизации пользователя
2021-04-07 20:16:59.1745|INFO|HospitalBL.MainServices.HospitalManager|Пользователь Ewq Qwe успешно авторизовался с правами Врач
2021-04-07 20:17:54.1876|INFO|HospitalBL.Model.Services.EmployeeService|Вычисление уровня доступа к профилю работника Ewq Qwe...
2021-04-07 20:17:54.1876|INFO|HospitalBL.Model.Services.EmployeeService|Уровень доступа к профилю работника Ewq Qwe вычислен
2021-04-07 20:17:57.9688|INFO|HospitalBL.MainServices.HospitalManager|Пользователь Ewq Qwe с правами Врач вышел из системы
2021-04-07 20:17:57.9688|DEBUG|HospitalBL.MainServices.HospitalManager|Сохранение данных...
2021-04-07 20:17:57.9688|INFO|HospitalBL.Model.Services.Service`1|Сохранение данных данных Employee...
2021-04-07 20:17:58.0228|INFO|HospitalBL.Model.Services.Service`1|Данные сохранены
2021-04-07 20:17:58.0228|INFO|HospitalBL.Model.Services.Service`1|Сохранение данных данных Diagnosis...
2021-04-07 20:17:58.0338|INFO|HospitalBL.Model.Services.Service`1|Данные сохранены
2021-04-07 20:17:58.0338|INFO|HospitalBL.Model.Services.Service`1|Сохранение данных данных Treatment...
2021-04-07 20:17:58.0338|INFO|HospitalBL.Model.Services.Service`1|Данные сохранены
2021-04-07 20:17:58.0338|INFO|HospitalBL.Model.Services.Service`1|Сохранение данных данных Patient...
2021-04-07 20:17:58.0438|INFO|HospitalBL.Model.Services.Service`1|Данные сохранены
2021-04-07 20:17:58.0438|INFO|HospitalBL.Model.Services.Service`1|Сохранение данных данных Disease...
2021-04-07 20:17:58.0438|INFO|HospitalBL.Model.Services.Service`1|Данные сохранены
2021-04-07 20:17:58.0438|INFO|HospitalBL.Model.Services.Service`1|Сохранение данных данных Visit...
2021-04-07 20:17:58.0438|INFO|HospitalBL.Model.Services.Service`1|Данные сохранены
2021-04-07 20:17:58.0438|DEBUG|HospitalBL.MainServices.HospitalManager|Данные сохранены
2021-04-07 20:18:09.1315|INFO|HospitalBL.MainServices.HospitalManager|Попытка авторизации пользователя
2021-04-07 20:18:09.1315|ERROR|HospitalBL.MainServices.HospitalManager|Логин и/или пароль неверен
2021-04-07 20:18:17.2849|DEBUG|HospitalBL.MainServices.HospitalManager|Начинается инициализация управляющего блока.
2021-04-07 20:18:17.8750|DEBUG|HospitalBL.MainServices.HospitalManager|Инициализация управляющего блока выполнена.
2021-04-07 20:18:17.8750|DEBUG|HospitalBL.MainServices.HospitalManager|Инициализация главного менеджера...
2021-04-07 20:18:17.8750|DEBUG|HospitalBL.MainServices.HospitalManager|Менеджер инициализирован
2021-04-07 20:18:24.3983|INFO|HospitalBL.MainServices.HospitalManager|Попытка авторизации пользователя
2021-04-07 20:18:24.3983|INFO|HospitalBL.MainServices.HospitalManager|Пользователь Admin Admin успешно авторизовался с правами Менеджер
2021-04-07 20:18:36.5990|INFO|HospitalBL.Model.Services.EmployeeService|Вычисление уровня доступа к профилю работника Asd Dsa...
2021-04-07 20:18:36.5990|INFO|HospitalBL.Model.Services.EmployeeService|Уровень доступа к профилю работника Asd Dsa вычислен
2021-04-07 20:19:50.2523|INFO|HospitalBL.Model.Services.EmployeeService|Вычисление уровня доступа к профилю работника Asd Dsa...
2021-04-07 20:19:50.2523|INFO|HospitalBL.Model.Services.EmployeeService|Уровень доступа к профилю работника Asd Dsa вычислен
2021-04-07 20:20:03.6030|INFO|HospitalBL.Model.Services.EmployeeService|Выполняется редактирование работника...
2021-04-07 20:20:03.6070|INFO|HospitalBL.Model.Services.EmployeeService|Выполняется валидация данных работника Мария Филипинова...
2021-04-07 20:20:13.6116|INFO|HospitalBL.Model.Services.EmployeeService|Выполняется редактирование работника...
2021-04-07 20:20:13.6116|INFO|HospitalBL.Model.Services.EmployeeService|Выполняется валидация данных работника Мария Филипинова...
2021-04-07 20:20:20.7000|INFO|HospitalBL.Model.Services.EmployeeService|Выполняется редактирование работника...
2021-04-07 20:20:20.7000|INFO|HospitalBL.Model.Services.EmployeeService|Выполняется валидация данных работника Asd Dsa...
2021-04-07 20:20:22.6031|INFO|HospitalBL.Model.Services.EmployeeService|Выполняется редактирование работника...
2021-04-07 20:20:22.6031|INFO|HospitalBL.Model.Services.EmployeeService|Выполняется валидация данных работника Мария Филипинова...
2021-04-07 20:20:26.0433|INFO|HospitalBL.Model.Services.EmployeeService|Выполняется редактирование работника...
2021-04-07 20:20:26.0433|INFO|HospitalBL.Model.Services.EmployeeService|Выполняется валидация данных работника Asd Dsa...
2021-04-07 20:20:29.2755|INFO|HospitalBL.Model.Services.EmployeeService|Выполняется редактирование работника...
2021-04-07 20:20:29.2755|INFO|HospitalBL.Model.Services.EmployeeService|Выполняется валидация данных работника Asd Dsa...
2021-04-07 20:20:30.8676|INFO|HospitalBL.Model.Services.EmployeeService|Выполняется редактирование работника...
2021-04-07 20:20:30.8676|INFO|HospitalBL.Model.Services.EmployeeService|Выполняется валидация данных работника Мария Филипинова...
2021-04-07 20:20:54.9880|INFO|HospitalBL.Model.Services.EmployeeService|Выполняется редактирование работника...
2021-04-07 20:20:54.9880|INFO|HospitalBL.Model.Services.EmployeeService|Выполняется валидация данных работника Мария Филипинова...
2021-04-07 20:23:34.9631|INFO|HospitalBL.Model.Services.EmployeeService|Выполняется редактирование работника...
2021-04-07 20:23:34.9631|INFO|HospitalBL.Model.Services.EmployeeService|Выполняется валидация данных работника Asd Dsa...
2021-04-07 20:23:37.8193|INFO|HospitalBL.Model.Services.EmployeeService|Выполняется редактирование работника...
2021-04-07 20:23:37.8193|INFO|HospitalBL.Model.Services.EmployeeService|Выполняется валидация данных работника Мария Филипинова...
2021-04-07 20:24:47.8553|INFO|HospitalBL.Model.Services.EmployeeService|Вычисление уровня доступа к профилю работника Admin Admin...
2021-04-07 20:24:47.8553|INFO|HospitalBL.Model.Services.EmployeeService|Уровень доступа к профилю работника Admin Admin вычислен
2021-04-07 20:24:51.7285|INFO|HospitalBL.Model.Services.EmployeeService|Вычисление уровня доступа к профилю работника Asd Dsa...
2021-04-07 20:24:51.7285|INFO|HospitalBL.Model.Services.EmployeeService|Уровень доступа к профилю работника Asd Dsa вычислен
2021-04-07 20:25:02.1311|INFO|HospitalBL.Model.Services.EmployeeService|Выполняется редактирование работника...
2021-04-07 20:25:02.1311|INFO|HospitalBL.Model.Services.EmployeeService|Выполняется валидация данных работника Мария Dsa...
2021-04-07 20:26:14.5232|INFO|HospitalBL.Model.Services.EmployeeService|Вычисление уровня доступа к профилю работника Admin Admin...
2021-04-07 20:26:14.5232|INFO|HospitalBL.Model.Services.EmployeeService|Уровень доступа к профилю работника Admin Admin вычислен
2021-04-07 20:26:22.0197|INFO|HospitalBL.Model.Services.EmployeeService|Выполняется редактирование работника...
2021-04-07 20:26:22.0197|INFO|HospitalBL.Model.Services.EmployeeService|Выполняется валидация данных работника Admin2 Admin2...
2021-04-07 20:26:30.7642|INFO|HospitalBL.Model.Services.EmployeeService|Выполняется редактирование работника...
2021-04-07 20:26:30.7642|INFO|HospitalBL.Model.Services.EmployeeService|Выполняется валидация данных работника Admine Admine...
2021-04-07 20:28:45.7049|INFO|HospitalBL.Model.Services.EmployeeService|Вычисление уровня доступа к профилю работника Admin Admin...
2021-04-07 20:28:45.7049|INFO|HospitalBL.Model.Services.EmployeeService|Уровень доступа к профилю работника Admin Admin вычислен
2021-04-07 21:00:33.2960|DEBUG|HospitalBL.MainServices.HospitalManager|Начинается инициализация управляющего блока.
2021-04-07 21:00:34.7991|DEBUG|HospitalBL.MainServices.HospitalManager|Инициализация управляющего блока выполнена.
2021-04-07 21:00:34.7991|DEBUG|HospitalBL.MainServices.HospitalManager|Инициализация главного менеджера...
2021-04-07 21:00:34.8021|DEBUG|HospitalBL.MainServices.HospitalManager|Менеджер инициализирован
2021-04-07 21:01:08.3380|DEBUG|HospitalBL.MainServices.HospitalManager|Начинается инициализация управляющего блока.
2021-04-07 21:01:09.0320|DEBUG|HospitalBL.MainServices.HospitalManager|Инициализация управляющего блока выполнена.
2021-04-07 21:01:09.0320|DEBUG|HospitalBL.MainServices.HospitalManager|Инициализация главного менеджера...
2021-04-07 21:01:09.0320|DEBUG|HospitalBL.MainServices.HospitalManager|Менеджер инициализирован
2021-04-07 21:02:19.6481|INFO|HospitalBL.MainServices.HospitalManager|Попытка авторизации пользователя
2021-04-07 21:02:19.6531|INFO|HospitalBL.MainServices.HospitalManager|Пользователь Admin Admin успешно авторизовался с правами Менеджер
2021-04-07 21:02:28.9636|INFO|HospitalBL.Model.Services.EmployeeService|Вычисление уровня доступа к профилю работника Asd Dsa...
2021-04-07 21:02:28.9636|INFO|HospitalBL.Model.Services.EmployeeService|Уровень доступа к профилю работника Asd Dsa вычислен
2021-04-07 21:03:10.2200|INFO|HospitalBL.Model.Services.EmployeeService|Вычисление уровня доступа к профилю работника Asd Dsa...
2021-04-07 21:03:10.2380|INFO|HospitalBL.Model.Services.EmployeeService|Уровень доступа к профилю работника Asd Dsa вычислен
2021-04-07 21:03:41.0517|INFO|HospitalBL.Model.Services.EmployeeService|Выполняется редактирование работника...
2021-04-07 21:03:41.0687|INFO|HospitalBL.Model.Services.EmployeeService|Выполняется валидация данных работника Марина Ывыыв...
2021-04-07 21:04:19.9670|INFO|HospitalBL.MainServices.HospitalManager|Попытка авторизации пользователя
2021-04-07 21:04:19.9770|ERROR|HospitalBL.MainServices.HospitalManager|Логин и/или пароль неверен
2021-04-07 21:04:22.7001|INFO|HospitalBL.MainServices.HospitalManager|Попытка авторизации пользователя
2021-04-07 21:04:22.7001|ERROR|HospitalBL.MainServices.HospitalManager|Логин и/или пароль неверен
2021-04-07 21:04:29.5805|INFO|HospitalBL.MainServices.HospitalManager|Попытка авторизации пользователя
2021-04-07 21:04:29.5805|INFO|HospitalBL.MainServices.HospitalManager|Пользователь Ewq Qwe успешно авторизовался с правами Врач
2021-04-07 21:06:10.7973|INFO|HospitalBL.Model.Services.EmployeeService|Вычисление уровня доступа к профилю работника Ewq Qwe...
2021-04-07 21:06:10.7973|INFO|HospitalBL.Model.Services.EmployeeService|Уровень доступа к профилю работника Ewq Qwe вычислен
2021-04-07 21:06:41.1790|INFO|HospitalBL.Model.Services.EmployeeService|Вычисление уровня доступа к профилю работника Ewq Qwe...
2021-04-07 21:06:41.1790|INFO|HospitalBL.Model.Services.EmployeeService|Уровень доступа к профилю работника Ewq Qwe вычислен
2021-04-07 21:07:03.5223|INFO|HospitalBL.MainServices.HospitalManager|Пользователь Ewq Qwe с правами Врач вышел из системы
2021-04-07 21:07:03.5223|DEBUG|HospitalBL.MainServices.HospitalManager|Сохранение данных...
2021-04-07 21:07:03.5223|INFO|HospitalBL.Model.Services.Service`1|Сохранение данных данных Employee...
2021-04-07 21:07:03.5853|INFO|HospitalBL.Model.Services.Service`1|Данные сохранены
2021-04-07 21:07:03.5853|INFO|HospitalBL.Model.Services.Service`1|Сохранение данных данных Diagnosis...
2021-04-07 21:07:03.5913|INFO|HospitalBL.Model.Services.Service`1|Данные сохранены
2021-04-07 21:07:03.5913|INFO|HospitalBL.Model.Services.Service`1|Сохранение данных данных Treatment...
2021-04-07 21:07:03.5913|INFO|HospitalBL.Model.Services.Service`1|Данные сохранены
2021-04-07 21:07:03.5913|INFO|HospitalBL.Model.Services.Service`1|Сохранение данных данных Patient...
2021-04-07 21:07:03.5913|INFO|HospitalBL.Model.Services.Service`1|Данные сохранены
2021-04-07 21:07:03.6033|INFO|HospitalBL.Model.Services.Service`1|Сохранение данных данных Disease...
2021-04-07 21:07:03.6033|INFO|HospitalBL.Model.Services.Service`1|Данные сохранены
2021-04-07 21:07:03.6033|INFO|HospitalBL.Model.Services.Service`1|Сохранение данных данных Visit...
2021-04-07 21:07:03.6033|INFO|HospitalBL.Model.Services.Service`1|Данные сохранены
2021-04-07 21:07:03.6033|DEBUG|HospitalBL.MainServices.HospitalManager|Данные сохранены
2021-04-07 21:07:09.0686|INFO|HospitalBL.MainServices.HospitalManager|Попытка авторизации пользователя
2021-04-07 21:07:09.0686|INFO|HospitalBL.MainServices.HospitalManager|Пользователь Asd Dsa успешно авторизовался с правами Регистратор
2021-04-07 21:08:34.7665|INFO|HospitalBL.Model.Services.VisitService|Выполняется добаление визита 0 07.04.2021 0:00:00 21:08:11.9352754...
2021-04-07 21:08:34.7665|INFO|HospitalBL.Model.Services.VisitService|Выполняется валидация данных визита 0 07.04.2021 0:00:00 21:08:11.9352754...
2021-04-07 21:08:58.4299|INFO|HospitalBL.MainServices.HospitalManager|Попытка авторизации пользователя
2021-04-07 21:08:58.4299|INFO|HospitalBL.MainServices.HospitalManager|Пользователь Asd Dsa успешно авторизовался с правами Регистратор
2021-04-07 21:11:46.5875|INFO|HospitalBL.MainServices.HospitalManager|Попытка авторизации пользователя
2021-04-07 21:11:46.5895|INFO|HospitalBL.MainServices.HospitalManager|Пользователь Ewq Qwe успешно авторизовался с правами Врач
2021-04-07 21:12:21.3705|INFO|HospitalBL.MainServices.HospitalManager|Попытка авторизации пользователя
2021-04-07 21:12:21.3705|ERROR|HospitalBL.MainServices.HospitalManager|Логин и/или пароль неверен
2021-04-07 21:12:34.0112|INFO|HospitalBL.MainServices.HospitalManager|Попытка авторизации пользователя
2021-04-07 21:12:34.0112|INFO|HospitalBL.MainServices.HospitalManager|Пользователь Admin Admin успешно авторизовался с правами Менеджер
2021-04-07 21:13:38.3799|DEBUG|HospitalBL.MainServices.HospitalManager|Начинается инициализация управляющего блока.
2021-04-07 21:13:39.2579|DEBUG|HospitalBL.MainServices.HospitalManager|Инициализация управляющего блока выполнена.
2021-04-07 21:13:39.4000|DEBUG|HospitalBL.MainServices.HospitalManager|Инициализация главного менеджера...
2021-04-07 21:13:39.4000|DEBUG|HospitalBL.MainServices.HospitalManager|Менеджер инициализирован
2021-04-07 21:13:42.4481|INFO|HospitalBL.MainServices.HospitalManager|Попытка авторизации пользователя
2021-04-07 21:13:42.4511|INFO|HospitalBL.MainServices.HospitalManager|Пользователь Admin Admin успешно авторизовался с правами Менеджер
2021-04-07 21:13:51.4386|INFO|HospitalBL.Model.Services.EmployeeService|Вычисление уровня доступа к профилю работника Ewq Qwe...
2021-04-07 21:13:51.4386|INFO|HospitalBL.Model.Services.EmployeeService|Уровень доступа к профилю работника Ewq Qwe вычислен
2021-04-07 21:13:57.3930|INFO|HospitalBL.Model.Services.EmployeeService|Вычисление уровня доступа к профилю работника Zxc Cxz...
2021-04-07 21:13:57.3930|INFO|HospitalBL.Model.Services.EmployeeService|Уровень доступа к профилю работника Zxc Cxz вычислен
2021-04-07 21:14:37.8283|INFO|HospitalBL.MainServices.HospitalManager|Попытка авторизации пользователя
2021-04-07 21:14:37.8283|INFO|HospitalBL.MainServices.HospitalManager|Пользователь Zxc Cxz успешно авторизовался с правами Врач
2021-04-07 21:15:20.0677|INFO|HospitalBL.MainServices.HospitalManager|Попытка авторизации пользователя
2021-04-07 21:15:20.0677|INFO|HospitalBL.MainServices.HospitalManager|Пользователь Ewq Qwe успешно авторизовался с правами Врач
2021-04-07 21:15:57.7179|INFO|HospitalBL.Model.Services.DiagnosisService|Выполняется добаление диагноза HospitalBL.Model.Entities.Diagnosis.Diagnosis...
2021-04-07 21:15:57.7199|INFO|HospitalBL.Model.Services.DiagnosisService|Выполняется валидация данных товара HospitalBL.Model.Entities.Diagnosis.Diagnosis...
2021-04-07 21:15:57.7199|INFO|HospitalBL.Model.Services.DiagnosisService|Валидация завершена
2021-04-07 21:15:57.7399|INFO|HospitalBL.Model.Services.Service`1|Сохранение данных данных Diagnosis...
2021-04-07 21:15:57.7969|INFO|HospitalBL.Model.Services.Service`1|Данные сохранены
2021-04-07 21:15:57.7969|INFO|HospitalBL.Model.Services.DiagnosisService|Диагноз HospitalBL.Model.Entities.Diagnosis.Diagnosis добавлен
