2021-03-30 00:51:24.8736|DEBUG|HospitalBL.MainServices.FurnitureStoreManager|Начинается инициализация управляющего блока.
2021-03-30 00:51:25.3553|DEBUG|HospitalBL.MainServices.FurnitureStoreManager|Инициализация управляющего блока выполнена.
2021-03-30 00:51:25.3553|DEBUG|HospitalBL.MainServices.FurnitureStoreManager|Загрузка данных в управляющий блок...
2021-03-30 00:51:25.3723|INFO|HospitalBL.Model.Services.Service`1|Загрузка данных данных Employee...
2021-03-30 00:51:25.3723|INFO|HospitalBL.Model.Services.Service`1|Загрузка данных данных Customer...
2021-03-30 00:51:25.3922|INFO|HospitalBL.Model.Services.Service`1|Загрузка данных данных Order...
2021-03-30 00:51:25.4807|DEBUG|HospitalBL.MainServices.FurnitureStoreManager|Загрузка завершена.
2021-03-30 00:51:25.4807|DEBUG|HospitalBL.MainServices.FurnitureStoreManager|Инициализация главного менеджера...
2021-03-30 00:51:25.4957|DEBUG|HospitalBL.MainServices.FurnitureStoreManager|Менеджер инициализирован
2021-03-30 00:51:42.1524|INFO|HospitalBL.MainServices.FurnitureStoreManager|Попытка авторизации пользователя
2021-03-30 00:51:42.1524|INFO|HospitalBL.MainServices.FurnitureStoreManager|Пользователь Asd Dsa успешно авторизовался с правами Регистратор
2021-03-30 04:41:36.7500|DEBUG|HospitalBL.MainServices.FurnitureStoreManager|Начинается инициализация управляющего блока.
2021-03-30 04:41:37.1242|DEBUG|HospitalBL.MainServices.FurnitureStoreManager|Инициализация управляющего блока выполнена.
2021-03-30 04:41:37.1242|DEBUG|HospitalBL.MainServices.FurnitureStoreManager|Загрузка данных в управляющий блок...
2021-03-30 04:41:37.1446|INFO|HospitalBL.Model.Services.Service`1|Загрузка данных данных Employee...
2021-03-30 04:41:37.1546|INFO|HospitalBL.Model.Services.Service`1|Загрузка данных данных Customer...
2021-03-30 04:41:37.1546|INFO|HospitalBL.Model.Services.Service`1|Загрузка данных данных Order...
2021-03-30 04:41:37.1795|DEBUG|HospitalBL.MainServices.FurnitureStoreManager|Загрузка завершена.
2021-03-30 04:41:37.1875|DEBUG|HospitalBL.MainServices.FurnitureStoreManager|Инициализация главного менеджера...
2021-03-30 04:41:37.1875|DEBUG|HospitalBL.MainServices.FurnitureStoreManager|Менеджер инициализирован
2021-03-30 04:41:42.7194|INFO|HospitalBL.MainServices.FurnitureStoreManager|Попытка авторизации пользователя
2021-03-30 04:41:42.7194|INFO|HospitalBL.MainServices.FurnitureStoreManager|Пользователь Asd Dsa успешно авторизовался с правами Регистратор
2021-03-30 04:45:52.1501|DEBUG|HospitalBL.MainServices.FurnitureStoreManager|Начинается инициализация управляющего блока.
2021-03-30 04:45:52.4467|DEBUG|HospitalBL.MainServices.FurnitureStoreManager|Инициализация управляющего блока выполнена.
2021-03-30 04:45:52.4576|DEBUG|HospitalBL.MainServices.FurnitureStoreManager|Загрузка данных в управляющий блок...
2021-03-30 04:45:52.4716|INFO|HospitalBL.Model.Services.Service`1|Загрузка данных данных Employee...
2021-03-30 04:45:52.4846|INFO|HospitalBL.Model.Services.Service`1|Загрузка данных данных Customer...
2021-03-30 04:45:52.4995|INFO|HospitalBL.Model.Services.Service`1|Загрузка данных данных Order...
2021-03-30 04:45:52.5125|DEBUG|HospitalBL.MainServices.FurnitureStoreManager|Загрузка завершена.
2021-03-30 04:45:52.5125|DEBUG|HospitalBL.MainServices.FurnitureStoreManager|Инициализация главного менеджера...
2021-03-30 04:45:52.5337|DEBUG|HospitalBL.MainServices.FurnitureStoreManager|Менеджер инициализирован
2021-03-30 04:45:58.1199|INFO|HospitalBL.MainServices.FurnitureStoreManager|Попытка авторизации пользователя
2021-03-30 04:45:58.1297|INFO|HospitalBL.MainServices.FurnitureStoreManager|Пользователь Asd Dsa успешно авторизовался с правами Регистратор
2021-03-30 04:49:14.1970|DEBUG|HospitalBL.MainServices.FurnitureStoreManager|Начинается инициализация управляющего блока.
2021-03-30 04:49:14.5300|DEBUG|HospitalBL.MainServices.FurnitureStoreManager|Инициализация управляющего блока выполнена.
2021-03-30 04:49:14.5440|DEBUG|HospitalBL.MainServices.FurnitureStoreManager|Загрузка данных в управляющий блок...
2021-03-30 04:49:14.5440|INFO|HospitalBL.Model.Services.Service`1|Загрузка данных данных Employee...
2021-03-30 04:49:14.5610|INFO|HospitalBL.Model.Services.Service`1|Загрузка данных данных Customer...
2021-03-30 04:49:14.5759|INFO|HospitalBL.Model.Services.Service`1|Загрузка данных данных Order...
2021-03-30 04:49:14.5759|DEBUG|HospitalBL.MainServices.FurnitureStoreManager|Загрузка завершена.
2021-03-30 04:49:14.6068|DEBUG|HospitalBL.MainServices.FurnitureStoreManager|Инициализация главного менеджера...
2021-03-30 04:49:14.6268|DEBUG|HospitalBL.MainServices.FurnitureStoreManager|Менеджер инициализирован
2021-03-30 04:49:18.8477|INFO|HospitalBL.MainServices.FurnitureStoreManager|Попытка авторизации пользователя
2021-03-30 04:49:18.8477|INFO|HospitalBL.MainServices.FurnitureStoreManager|Пользователь Asd Dsa успешно авторизовался с правами Регистратор
2021-03-30 04:52:27.1178|DEBUG|HospitalBL.MainServices.FurnitureStoreManager|Начинается инициализация управляющего блока.
2021-03-30 04:52:27.4459|DEBUG|HospitalBL.MainServices.FurnitureStoreManager|Инициализация управляющего блока выполнена.
2021-03-30 04:52:27.4549|DEBUG|HospitalBL.MainServices.FurnitureStoreManager|Загрузка данных в управляющий блок...
2021-03-30 04:52:27.4549|INFO|HospitalBL.Model.Services.Service`1|Загрузка данных данных Employee...
2021-03-30 04:52:27.4855|INFO|HospitalBL.Model.Services.Service`1|Загрузка данных данных Customer...
2021-03-30 04:52:27.5104|INFO|HospitalBL.Model.Services.Service`1|Загрузка данных данных Order...
2021-03-30 04:52:27.5224|DEBUG|HospitalBL.MainServices.FurnitureStoreManager|Загрузка завершена.
2021-03-30 04:52:27.5344|DEBUG|HospitalBL.MainServices.FurnitureStoreManager|Инициализация главного менеджера...
2021-03-30 04:52:27.5473|DEBUG|HospitalBL.MainServices.FurnitureStoreManager|Менеджер инициализирован
2021-03-30 04:52:34.1514|INFO|HospitalBL.MainServices.FurnitureStoreManager|Попытка авторизации пользователя
2021-03-30 04:52:34.1569|INFO|HospitalBL.MainServices.FurnitureStoreManager|Пользователь Asd Dsa успешно авторизовался с правами Регистратор
2021-03-30 04:54:31.9623|DEBUG|HospitalBL.MainServices.FurnitureStoreManager|Начинается инициализация управляющего блока.
2021-03-30 04:54:32.3324|DEBUG|HospitalBL.MainServices.FurnitureStoreManager|Инициализация управляющего блока выполнена.
2021-03-30 04:54:32.3424|DEBUG|HospitalBL.MainServices.FurnitureStoreManager|Загрузка данных в управляющий блок...
2021-03-30 04:54:32.3573|INFO|HospitalBL.Model.Services.Service`1|Загрузка данных данных Employee...
2021-03-30 04:54:32.3872|INFO|HospitalBL.Model.Services.Service`1|Загрузка данных данных Customer...
2021-03-30 04:54:32.4092|INFO|HospitalBL.Model.Services.Service`1|Загрузка данных данных Order...
2021-03-30 04:54:32.4092|DEBUG|HospitalBL.MainServices.FurnitureStoreManager|Загрузка завершена.
2021-03-30 04:54:32.4271|DEBUG|HospitalBL.MainServices.FurnitureStoreManager|Инициализация главного менеджера...
2021-03-30 04:54:32.4391|DEBUG|HospitalBL.MainServices.FurnitureStoreManager|Менеджер инициализирован
2021-03-30 04:54:41.8324|INFO|HospitalBL.MainServices.FurnitureStoreManager|Попытка авторизации пользователя
2021-03-30 04:54:41.8324|ERROR|HospitalBL.MainServices.FurnitureStoreManager|Логин и/или пароль неверен
2021-03-30 04:54:48.3417|INFO|HospitalBL.MainServices.FurnitureStoreManager|Попытка авторизации пользователя
2021-03-30 04:54:48.3417|INFO|HospitalBL.MainServices.FurnitureStoreManager|Пользователь Asd Dsa успешно авторизовался с правами Регистратор
2021-03-30 04:55:45.2520|DEBUG|HospitalBL.MainServices.FurnitureStoreManager|Начинается инициализация управляющего блока.
2021-03-30 04:55:45.6310|DEBUG|HospitalBL.MainServices.FurnitureStoreManager|Инициализация управляющего блока выполнена.
2021-03-30 04:55:45.6430|DEBUG|HospitalBL.MainServices.FurnitureStoreManager|Загрузка данных в управляющий блок...
2021-03-30 04:55:45.6519|INFO|HospitalBL.Model.Services.Service`1|Загрузка данных данных Employee...
2021-03-30 04:55:45.6519|INFO|HospitalBL.Model.Services.Service`1|Загрузка данных данных Customer...
2021-03-30 04:55:45.6519|INFO|HospitalBL.Model.Services.Service`1|Загрузка данных данных Order...
2021-03-30 04:55:45.6734|DEBUG|HospitalBL.MainServices.FurnitureStoreManager|Загрузка завершена.
2021-03-30 04:55:45.6734|DEBUG|HospitalBL.MainServices.FurnitureStoreManager|Инициализация главного менеджера...
2021-03-30 04:55:45.6968|DEBUG|HospitalBL.MainServices.FurnitureStoreManager|Менеджер инициализирован
2021-03-30 04:55:47.5032|INFO|HospitalBL.MainServices.FurnitureStoreManager|Попытка авторизации пользователя
2021-03-30 04:55:47.5032|INFO|HospitalBL.MainServices.FurnitureStoreManager|Пользователь Admin Admin успешно авторизовался с правами Менеджер
2021-03-30 04:56:12.7351|INFO|HospitalBL.Model.Services.EmployeeService|Выполняется добаление работника Ewq Qwe...
2021-03-30 04:56:12.7351|INFO|HospitalBL.Model.Services.EmployeeService|Выполняется валидация данных работника Ewq Qwe...
2021-03-30 04:56:18.5501|INFO|HospitalBL.Model.Services.EmployeeService|Выполняется добаление работника Ewq Qwe...
2021-03-30 04:56:18.5731|INFO|HospitalBL.Model.Services.EmployeeService|Выполняется валидация данных работника Ewq Qwe...
2021-03-30 04:56:18.5791|INFO|HospitalBL.Model.Services.EmployeeService|Валидация завершена
2021-03-30 04:56:18.6200|INFO|HospitalBL.Model.Services.Service`1|Сохранение данных данных Employee...
2021-03-30 04:56:18.6970|INFO|HospitalBL.Model.Services.Service`1|Данные сохранены
2021-03-30 04:56:18.7029|INFO|HospitalBL.Model.Services.EmployeeService|Работник Ewq Qwe добавлен
2021-03-30 04:56:42.7424|INFO|HospitalBL.Model.Services.EmployeeService|Выполняется добаление работника Zxc Cxz...
2021-03-30 04:56:42.7484|INFO|HospitalBL.Model.Services.EmployeeService|Выполняется валидация данных работника Zxc Cxz...
2021-03-30 04:56:42.7484|INFO|HospitalBL.Model.Services.EmployeeService|Валидация завершена
2021-03-30 04:56:42.7618|INFO|HospitalBL.Model.Services.Service`1|Сохранение данных данных Employee...
2021-03-30 04:56:42.7618|INFO|HospitalBL.Model.Services.Service`1|Данные сохранены
2021-03-30 04:56:42.7794|INFO|HospitalBL.Model.Services.EmployeeService|Работник Zxc Cxz добавлен
2021-03-30 04:57:21.9980|INFO|HospitalBL.Model.Services.EmployeeService|Выполняется добаление работника Tyu Uyt...
2021-03-30 04:57:21.9980|INFO|HospitalBL.Model.Services.EmployeeService|Выполняется валидация данных работника Tyu Uyt...
2021-03-30 04:57:27.3663|INFO|HospitalBL.Model.Services.EmployeeService|Выполняется добаление работника Tyu Uyt...
2021-03-30 04:57:27.3752|INFO|HospitalBL.Model.Services.EmployeeService|Выполняется валидация данных работника Tyu Uyt...
2021-03-30 04:57:36.5811|INFO|HospitalBL.Model.Services.EmployeeService|Выполняется добаление работника Tyu Uyt...
2021-03-30 04:57:36.5811|INFO|HospitalBL.Model.Services.EmployeeService|Выполняется валидация данных работника Tyu Uyt...
2021-03-30 04:57:36.5951|INFO|HospitalBL.Model.Services.EmployeeService|Валидация завершена
2021-03-30 04:57:36.6091|INFO|HospitalBL.Model.Services.Service`1|Сохранение данных данных Employee...
2021-03-30 04:57:36.6231|INFO|HospitalBL.Model.Services.Service`1|Данные сохранены
2021-03-30 04:57:36.6231|INFO|HospitalBL.Model.Services.EmployeeService|Работник Tyu Uyt добавлен
2021-03-30 04:57:39.7512|INFO|HospitalBL.MainServices.FurnitureStoreManager|Пользователь Admin Admin с правами Менеджер вышел из системы
2021-03-30 04:57:39.7512|DEBUG|HospitalBL.MainServices.FurnitureStoreManager|Сохранение данных...
2021-03-30 04:57:39.7630|INFO|HospitalBL.Model.Services.Service`1|Сохранение данных данных Employee...
2021-03-30 04:57:39.7630|INFO|HospitalBL.Model.Services.Service`1|Данные сохранены
2021-03-30 04:57:39.7777|INFO|HospitalBL.Model.Services.Service`1|Сохранение данных данных Customer...
2021-03-30 04:57:39.7777|INFO|HospitalBL.Model.Services.Service`1|Данные сохранены
2021-03-30 04:57:39.7944|INFO|HospitalBL.Model.Services.Service`1|Сохранение данных данных Order...
2021-03-30 04:57:39.8093|INFO|HospitalBL.Model.Services.Service`1|Данные сохранены
2021-03-30 04:57:39.8093|DEBUG|HospitalBL.MainServices.FurnitureStoreManager|Данные сохранены
2021-03-30 04:57:45.1256|INFO|HospitalBL.MainServices.FurnitureStoreManager|Попытка авторизации пользователя
2021-03-30 04:57:45.1376|INFO|HospitalBL.MainServices.FurnitureStoreManager|Пользователь Asd Dsa успешно авторизовался с правами Регистратор
2021-03-30 04:59:06.9276|INFO|HospitalBL.Model.Services.OrderService|Выполняется добаление визита 0 30.03.2021 4:57:51 07:00:51...
2021-03-30 04:59:06.9343|INFO|HospitalBL.Model.Services.OrderService|Выполняется валидация данных визита 0 30.03.2021 4:57:51 07:00:51...
2021-03-30 04:59:06.9343|INFO|HospitalBL.Model.Services.OrderService|Валидация завершена
2021-03-30 04:59:06.9593|INFO|HospitalBL.Model.Services.Service`1|Сохранение данных данных Order...
2021-03-30 04:59:06.9742|INFO|HospitalBL.Model.Services.Service`1|Данные сохранены
2021-03-30 04:59:06.9742|INFO|HospitalBL.Model.Services.OrderService|Визит 1 30.03.2021 4:57:51 07:00:51 добавлен
2021-03-30 06:16:51.6478|DEBUG|HospitalBL.MainServices.FurnitureStoreManager|Начинается инициализация управляющего блока.
2021-03-30 06:16:52.1998|DEBUG|HospitalBL.MainServices.FurnitureStoreManager|Инициализация управляющего блока выполнена.
2021-03-30 06:16:52.1998|DEBUG|HospitalBL.MainServices.FurnitureStoreManager|Загрузка данных в управляющий блок...
2021-03-30 06:16:52.2267|INFO|HospitalBL.Model.Services.Service`1|Загрузка данных данных Employee...
2021-03-30 06:16:52.2407|INFO|HospitalBL.Model.Services.Service`1|Загрузка данных данных Customer...
2021-03-30 06:16:52.2566|INFO|HospitalBL.Model.Services.Service`1|Загрузка данных данных Visit...
2021-03-30 06:16:52.2796|DEBUG|HospitalBL.MainServices.FurnitureStoreManager|Загрузка завершена.
2021-03-30 06:16:52.2945|DEBUG|HospitalBL.MainServices.FurnitureStoreManager|Инициализация главного менеджера...
2021-03-30 06:16:52.3105|DEBUG|HospitalBL.MainServices.FurnitureStoreManager|Менеджер инициализирован
2021-03-30 06:17:03.0947|INFO|HospitalBL.MainServices.FurnitureStoreManager|Попытка авторизации пользователя
2021-03-30 06:17:03.0947|INFO|HospitalBL.MainServices.FurnitureStoreManager|Пользователь Asd Dsa успешно авторизовался с правами Регистратор
2021-03-30 06:17:56.8552|INFO|HospitalBL.Model.Services.VisitService|Выполняется добаление визита 0 30.03.2021 6:17:24 06:17:24.2327106...
2021-03-30 06:17:56.8552|INFO|HospitalBL.Model.Services.VisitService|Выполняется валидация данных визита 0 30.03.2021 6:17:24 06:17:24.2327106...
2021-03-30 06:18:05.2696|INFO|HospitalBL.Model.Services.VisitService|Выполняется добаление визита 0 30.03.2021 6:17:24 07:17:24...
2021-03-30 06:18:05.2806|INFO|HospitalBL.Model.Services.VisitService|Выполняется валидация данных визита 0 30.03.2021 6:17:24 07:17:24...
2021-03-30 06:18:05.2806|INFO|HospitalBL.Model.Services.VisitService|Валидация завершена
2021-03-30 06:18:05.3106|INFO|HospitalBL.Model.Services.Service`1|Сохранение данных данных Visit...
2021-03-30 06:18:05.3613|INFO|HospitalBL.Model.Services.Service`1|Данные сохранены
2021-03-30 06:18:05.3613|INFO|HospitalBL.Model.Services.VisitService|Визит 1 30.03.2021 6:17:24 07:17:24 добавлен
2021-03-30 06:18:16.9016|INFO|HospitalBL.Model.Services.VisitService|Выполняется редактирование визита...
2021-03-30 06:18:16.9098|INFO|HospitalBL.Model.Services.VisitService|Выполняется валидация данных визита 0 30.03.2021 6:17:24 08:17:24...
2021-03-30 06:18:16.9098|INFO|HospitalBL.Model.Services.VisitService|Валидация завершена
2021-03-30 06:18:16.9238|INFO|HospitalBL.Model.Services.VisitService|Редактирование визита 1 30.03.2021 6:17:24 07:17:24...
2021-03-30 06:18:16.9238|INFO|HospitalBL.Model.Services.VisitService|Редактирование завершено
2021-03-30 06:18:16.9347|INFO|HospitalBL.Model.Services.Service`1|Сохранение данных данных Visit...
2021-03-30 06:18:16.9497|INFO|HospitalBL.Model.Services.Service`1|Данные сохранены
2021-03-30 13:49:41.3433|DEBUG|HospitalBL.MainServices.FurnitureStoreManager|Начинается инициализация управляющего блока.
2021-03-30 13:49:41.6993|DEBUG|HospitalBL.MainServices.FurnitureStoreManager|Инициализация управляющего блока выполнена.
2021-03-30 13:49:41.7083|DEBUG|HospitalBL.MainServices.FurnitureStoreManager|Загрузка данных в управляющий блок...
2021-03-30 13:49:41.7083|INFO|HospitalBL.Model.Services.Service`1|Загрузка данных данных Employee...
2021-03-30 13:49:41.7372|INFO|HospitalBL.Model.Services.Service`1|Загрузка данных данных Customer...
2021-03-30 13:49:41.7502|INFO|HospitalBL.Model.Services.Service`1|Загрузка данных данных Visit...
2021-03-30 13:49:41.7592|DEBUG|HospitalBL.MainServices.FurnitureStoreManager|Загрузка завершена.
2021-03-30 13:49:41.7592|DEBUG|HospitalBL.MainServices.FurnitureStoreManager|Инициализация главного менеджера...
2021-03-30 13:49:41.7791|DEBUG|HospitalBL.MainServices.FurnitureStoreManager|Менеджер инициализирован
2021-03-30 13:49:50.9210|INFO|HospitalBL.MainServices.FurnitureStoreManager|Попытка авторизации пользователя
2021-03-30 13:49:50.9265|INFO|HospitalBL.MainServices.FurnitureStoreManager|Пользователь Asd Dsa успешно авторизовался с правами Регистратор
2021-03-30 13:52:13.3697|DEBUG|HospitalBL.MainServices.FurnitureStoreManager|Начинается инициализация управляющего блока.
2021-03-30 13:52:13.7168|DEBUG|HospitalBL.MainServices.FurnitureStoreManager|Инициализация управляющего блока выполнена.
2021-03-30 13:52:13.7268|DEBUG|HospitalBL.MainServices.FurnitureStoreManager|Загрузка данных в управляющий блок...
2021-03-30 13:52:13.7408|INFO|HospitalBL.Model.Services.Service`1|Загрузка данных данных Employee...
2021-03-30 13:52:13.7667|INFO|HospitalBL.Model.Services.Service`1|Загрузка данных данных Customer...
2021-03-30 13:52:13.7757|INFO|HospitalBL.Model.Services.Service`1|Загрузка данных данных Visit...
2021-03-30 13:52:13.7876|DEBUG|HospitalBL.MainServices.FurnitureStoreManager|Загрузка завершена.
2021-03-30 13:52:13.8056|DEBUG|HospitalBL.MainServices.FurnitureStoreManager|Инициализация главного менеджера...
2021-03-30 13:52:13.8056|DEBUG|HospitalBL.MainServices.FurnitureStoreManager|Менеджер инициализирован
2021-03-30 13:52:15.3209|INFO|HospitalBL.MainServices.FurnitureStoreManager|Попытка авторизации пользователя
2021-03-30 13:52:15.3209|INFO|HospitalBL.MainServices.FurnitureStoreManager|Пользователь Admin Admin успешно авторизовался с правами Менеджер
2021-03-30 13:52:27.1839|INFO|HospitalBL.MainServices.FurnitureStoreManager|Попытка авторизации пользователя
2021-03-30 13:52:27.1929|INFO|HospitalBL.MainServices.FurnitureStoreManager|Пользователь Asd Dsa успешно авторизовался с правами Регистратор
2021-03-30 13:52:47.6958|INFO|HospitalBL.MainServices.FurnitureStoreManager|Попытка авторизации пользователя
2021-03-30 13:52:47.6958|INFO|HospitalBL.MainServices.FurnitureStoreManager|Пользователь Asd Dsa успешно авторизовался с правами Регистратор
2021-03-30 13:55:31.4372|DEBUG|HospitalBL.MainServices.FurnitureStoreManager|Начинается инициализация управляющего блока.
2021-03-30 13:55:31.7843|DEBUG|HospitalBL.MainServices.FurnitureStoreManager|Инициализация управляющего блока выполнена.
2021-03-30 13:55:31.7972|DEBUG|HospitalBL.MainServices.FurnitureStoreManager|Загрузка данных в управляющий блок...
2021-03-30 13:55:31.8142|INFO|HospitalBL.Model.Services.Service`1|Загрузка данных данных Employee...
2021-03-30 13:55:31.8322|INFO|HospitalBL.Model.Services.Service`1|Загрузка данных данных Customer...
2021-03-30 13:55:31.8421|INFO|HospitalBL.Model.Services.Service`1|Загрузка данных данных Visit...
2021-03-30 13:55:31.8541|DEBUG|HospitalBL.MainServices.FurnitureStoreManager|Загрузка завершена.
2021-03-30 13:55:31.8541|DEBUG|HospitalBL.MainServices.FurnitureStoreManager|Инициализация главного менеджера...
2021-03-30 13:55:31.8730|DEBUG|HospitalBL.MainServices.FurnitureStoreManager|Менеджер инициализирован
2021-03-30 13:55:41.1289|INFO|HospitalBL.MainServices.FurnitureStoreManager|Попытка авторизации пользователя
2021-03-30 13:55:41.1465|INFO|HospitalBL.MainServices.FurnitureStoreManager|Пользователь Asd Dsa успешно авторизовался с правами Регистратор
2021-03-30 13:56:16.1536|DEBUG|HospitalBL.MainServices.FurnitureStoreManager|Начинается инициализация управляющего блока.
2021-03-30 13:56:16.4637|DEBUG|HospitalBL.MainServices.FurnitureStoreManager|Инициализация управляющего блока выполнена.
2021-03-30 13:56:16.4637|DEBUG|HospitalBL.MainServices.FurnitureStoreManager|Загрузка данных в управляющий блок...
2021-03-30 13:56:16.4787|INFO|HospitalBL.Model.Services.Service`1|Загрузка данных данных Employee...
2021-03-30 13:56:16.4787|INFO|HospitalBL.Model.Services.Service`1|Загрузка данных данных Customer...
2021-03-30 13:56:16.4917|INFO|HospitalBL.Model.Services.Service`1|Загрузка данных данных Visit...
2021-03-30 13:56:16.4917|DEBUG|HospitalBL.MainServices.FurnitureStoreManager|Загрузка завершена.
2021-03-30 13:56:16.5096|DEBUG|HospitalBL.MainServices.FurnitureStoreManager|Инициализация главного менеджера...
2021-03-30 13:56:16.5216|DEBUG|HospitalBL.MainServices.FurnitureStoreManager|Менеджер инициализирован
2021-03-30 13:56:22.1767|INFO|HospitalBL.MainServices.FurnitureStoreManager|Попытка авторизации пользователя
2021-03-30 13:56:22.2048|INFO|HospitalBL.MainServices.FurnitureStoreManager|Пользователь Asd Dsa успешно авторизовался с правами Регистратор
2021-03-30 13:57:33.2531|DEBUG|HospitalBL.MainServices.FurnitureStoreManager|Начинается инициализация управляющего блока.
2021-03-30 13:57:33.6291|DEBUG|HospitalBL.MainServices.FurnitureStoreManager|Инициализация управляющего блока выполнена.
2021-03-30 13:57:33.6431|DEBUG|HospitalBL.MainServices.FurnitureStoreManager|Загрузка данных в управляющий блок...
2021-03-30 13:57:33.6560|INFO|HospitalBL.Model.Services.Service`1|Загрузка данных данных Employee...
2021-03-30 13:57:33.6700|INFO|HospitalBL.Model.Services.Service`1|Загрузка данных данных Customer...
2021-03-30 13:57:33.6850|INFO|HospitalBL.Model.Services.Service`1|Загрузка данных данных Visit...
2021-03-30 13:57:33.7199|DEBUG|HospitalBL.MainServices.FurnitureStoreManager|Загрузка завершена.
2021-03-30 13:57:33.7288|DEBUG|HospitalBL.MainServices.FurnitureStoreManager|Инициализация главного менеджера...
2021-03-30 13:57:33.7288|DEBUG|HospitalBL.MainServices.FurnitureStoreManager|Менеджер инициализирован
2021-03-30 13:57:39.7929|INFO|HospitalBL.MainServices.FurnitureStoreManager|Попытка авторизации пользователя
2021-03-30 13:57:39.7929|INFO|HospitalBL.MainServices.FurnitureStoreManager|Пользователь Asd Dsa успешно авторизовался с правами Регистратор
2021-03-30 14:00:00.4092|DEBUG|HospitalBL.MainServices.FurnitureStoreManager|Начинается инициализация управляющего блока.
2021-03-30 14:00:00.6915|DEBUG|HospitalBL.MainServices.FurnitureStoreManager|Инициализация управляющего блока выполнена.
2021-03-30 14:00:00.6984|DEBUG|HospitalBL.MainServices.FurnitureStoreManager|Загрузка данных в управляющий блок...
2021-03-30 14:00:00.6984|INFO|HospitalBL.Model.Services.Service`1|Загрузка данных данных Employee...
2021-03-30 14:00:00.7144|INFO|HospitalBL.Model.Services.Service`1|Загрузка данных данных Customer...
2021-03-30 14:00:00.7234|INFO|HospitalBL.Model.Services.Service`1|Загрузка данных данных Visit...
2021-03-30 14:00:00.7234|DEBUG|HospitalBL.MainServices.FurnitureStoreManager|Загрузка завершена.
2021-03-30 14:00:00.7413|DEBUG|HospitalBL.MainServices.FurnitureStoreManager|Инициализация главного менеджера...
2021-03-30 14:00:00.7413|DEBUG|HospitalBL.MainServices.FurnitureStoreManager|Менеджер инициализирован
2021-03-30 14:00:06.0489|INFO|HospitalBL.MainServices.FurnitureStoreManager|Попытка авторизации пользователя
2021-03-30 14:00:06.0544|INFO|HospitalBL.MainServices.FurnitureStoreManager|Пользователь Asd Dsa успешно авторизовался с правами Регистратор
2021-03-30 14:01:10.2857|DEBUG|HospitalBL.MainServices.FurnitureStoreManager|Начинается инициализация управляющего блока.
2021-03-30 14:01:10.6707|DEBUG|HospitalBL.MainServices.FurnitureStoreManager|Инициализация управляющего блока выполнена.
2021-03-30 14:01:10.6827|DEBUG|HospitalBL.MainServices.FurnitureStoreManager|Загрузка данных в управляющий блок...
2021-03-30 14:01:10.6936|INFO|HospitalBL.Model.Services.Service`1|Загрузка данных данных Employee...
2021-03-30 14:01:10.6936|INFO|HospitalBL.Model.Services.Service`1|Загрузка данных данных Customer...
2021-03-30 14:01:10.7116|INFO|HospitalBL.Model.Services.Service`1|Загрузка данных данных Visit...
2021-03-30 14:01:10.7116|DEBUG|HospitalBL.MainServices.FurnitureStoreManager|Загрузка завершена.
2021-03-30 14:01:10.7285|DEBUG|HospitalBL.MainServices.FurnitureStoreManager|Инициализация главного менеджера...
2021-03-30 14:01:10.7285|DEBUG|HospitalBL.MainServices.FurnitureStoreManager|Менеджер инициализирован
2021-03-30 14:01:16.2972|INFO|HospitalBL.MainServices.FurnitureStoreManager|Попытка авторизации пользователя
2021-03-30 14:01:16.3654|INFO|HospitalBL.MainServices.FurnitureStoreManager|Пользователь Asd Dsa успешно авторизовался с правами Регистратор
2021-03-30 14:03:22.4822|DEBUG|HospitalBL.MainServices.FurnitureStoreManager|Начинается инициализация управляющего блока.
2021-03-30 14:03:22.8111|DEBUG|HospitalBL.MainServices.FurnitureStoreManager|Инициализация управляющего блока выполнена.
2021-03-30 14:03:22.8221|DEBUG|HospitalBL.MainServices.FurnitureStoreManager|Загрузка данных в управляющий блок...
2021-03-30 14:03:22.8221|INFO|HospitalBL.Model.Services.Service`1|Загрузка данных данных Employee...
2021-03-30 14:03:22.8361|INFO|HospitalBL.Model.Services.Service`1|Загрузка данных данных Customer...
2021-03-30 14:03:22.8361|INFO|HospitalBL.Model.Services.Service`1|Загрузка данных данных Visit...
2021-03-30 14:03:22.8500|DEBUG|HospitalBL.MainServices.FurnitureStoreManager|Загрузка завершена.
2021-03-30 14:03:22.8500|DEBUG|HospitalBL.MainServices.FurnitureStoreManager|Инициализация главного менеджера...
2021-03-30 14:03:22.8670|DEBUG|HospitalBL.MainServices.FurnitureStoreManager|Менеджер инициализирован
2021-03-30 14:03:29.2888|INFO|HospitalBL.MainServices.FurnitureStoreManager|Попытка авторизации пользователя
2021-03-30 14:03:29.2888|INFO|HospitalBL.MainServices.FurnitureStoreManager|Пользователь Asd Dsa успешно авторизовался с правами Регистратор
2021-03-30 14:04:28.3630|DEBUG|HospitalBL.MainServices.FurnitureStoreManager|Начинается инициализация управляющего блока.
2021-03-30 14:04:28.6872|DEBUG|HospitalBL.MainServices.FurnitureStoreManager|Инициализация управляющего блока выполнена.
2021-03-30 14:04:28.7011|DEBUG|HospitalBL.MainServices.FurnitureStoreManager|Загрузка данных в управляющий блок...
2021-03-30 14:04:28.7161|INFO|HospitalBL.Model.Services.Service`1|Загрузка данных данных Employee...
2021-03-30 14:04:28.7271|INFO|HospitalBL.Model.Services.Service`1|Загрузка данных данных Customer...
2021-03-30 14:04:28.7271|INFO|HospitalBL.Model.Services.Service`1|Загрузка данных данных Visit...
2021-03-30 14:04:28.7480|DEBUG|HospitalBL.MainServices.FurnitureStoreManager|Загрузка завершена.
2021-03-30 14:04:28.7580|DEBUG|HospitalBL.MainServices.FurnitureStoreManager|Инициализация главного менеджера...
2021-03-30 14:04:28.7580|DEBUG|HospitalBL.MainServices.FurnitureStoreManager|Менеджер инициализирован
2021-03-30 14:04:35.4088|INFO|HospitalBL.MainServices.FurnitureStoreManager|Попытка авторизации пользователя
2021-03-30 14:04:35.4237|INFO|HospitalBL.MainServices.FurnitureStoreManager|Пользователь Asd Dsa успешно авторизовался с правами Регистратор
2021-03-30 14:06:17.5779|DEBUG|HospitalBL.MainServices.FurnitureStoreManager|Начинается инициализация управляющего блока.
2021-03-30 14:06:17.9918|DEBUG|HospitalBL.MainServices.FurnitureStoreManager|Инициализация управляющего блока выполнена.
2021-03-30 14:06:17.9918|DEBUG|HospitalBL.MainServices.FurnitureStoreManager|Загрузка данных в управляющий блок...
2021-03-30 14:06:18.0127|INFO|HospitalBL.Model.Services.Service`1|Загрузка данных данных Employee...
2021-03-30 14:06:18.0367|INFO|HospitalBL.Model.Services.Service`1|Загрузка данных данных Customer...
2021-03-30 14:06:18.0367|INFO|HospitalBL.Model.Services.Service`1|Загрузка данных данных Visit...
2021-03-30 14:06:18.0656|DEBUG|HospitalBL.MainServices.FurnitureStoreManager|Загрузка завершена.
2021-03-30 14:06:18.0716|DEBUG|HospitalBL.MainServices.FurnitureStoreManager|Инициализация главного менеджера...
2021-03-30 14:06:18.0716|DEBUG|HospitalBL.MainServices.FurnitureStoreManager|Менеджер инициализирован
2021-03-30 14:06:24.3368|INFO|HospitalBL.MainServices.FurnitureStoreManager|Попытка авторизации пользователя
2021-03-30 14:06:24.3368|INFO|HospitalBL.MainServices.FurnitureStoreManager|Пользователь Asd Dsa успешно авторизовался с правами Регистратор
2021-03-30 17:51:51.6504|DEBUG|HospitalBL.MainServices.FurnitureStoreManager|Начинается инициализация управляющего блока.
2021-03-30 17:51:52.0547|DEBUG|HospitalBL.MainServices.FurnitureStoreManager|Инициализация управляющего блока выполнена.
2021-03-30 17:51:52.0772|DEBUG|HospitalBL.MainServices.FurnitureStoreManager|Загрузка данных в управляющий блок...
2021-03-30 17:51:52.0855|INFO|HospitalBL.Model.Services.Service`1|Загрузка данных данных Employee...
2021-03-30 17:51:52.0855|INFO|HospitalBL.Model.Services.Service`1|Загрузка данных данных Patient...
2021-03-30 17:51:52.0997|INFO|HospitalBL.Model.Services.Service`1|Загрузка данных данных Visit...
2021-03-30 17:51:52.0997|DEBUG|HospitalBL.MainServices.FurnitureStoreManager|Загрузка завершена.
2021-03-30 17:51:52.0997|DEBUG|HospitalBL.MainServices.FurnitureStoreManager|Инициализация главного менеджера...
2021-03-30 17:51:52.1196|DEBUG|HospitalBL.MainServices.FurnitureStoreManager|Менеджер инициализирован
2021-03-30 17:51:53.8949|INFO|HospitalBL.MainServices.FurnitureStoreManager|Попытка авторизации пользователя
2021-03-30 17:51:53.9019|INFO|HospitalBL.MainServices.FurnitureStoreManager|Пользователь Admin Admin успешно авторизовался с правами Менеджер
2021-03-30 17:53:34.2312|DEBUG|HospitalBL.MainServices.FurnitureStoreManager|Начинается инициализация управляющего блока.
2021-03-30 17:53:34.6914|DEBUG|HospitalBL.MainServices.FurnitureStoreManager|Инициализация управляющего блока выполнена.
2021-03-30 17:53:34.7439|DEBUG|HospitalBL.MainServices.FurnitureStoreManager|Загрузка данных в управляющий блок...
2021-03-30 17:53:34.8028|INFO|HospitalBL.Model.Services.Service`1|Загрузка данных данных Employee...
2021-03-30 17:53:34.8277|INFO|HospitalBL.Model.Services.Service`1|Загрузка данных данных Patient...
2021-03-30 17:53:34.8487|INFO|HospitalBL.Model.Services.Service`1|Загрузка данных данных Visit...
2021-03-30 17:53:34.8736|DEBUG|HospitalBL.MainServices.FurnitureStoreManager|Загрузка завершена.
2021-03-30 17:53:34.8836|DEBUG|HospitalBL.MainServices.FurnitureStoreManager|Инициализация главного менеджера...
2021-03-30 17:53:34.8995|DEBUG|HospitalBL.MainServices.FurnitureStoreManager|Менеджер инициализирован
2021-03-30 17:53:36.6151|INFO|HospitalBL.MainServices.FurnitureStoreManager|Попытка авторизации пользователя
2021-03-30 17:53:36.6151|INFO|HospitalBL.MainServices.FurnitureStoreManager|Пользователь Admin Admin успешно авторизовался с правами Менеджер
2021-03-30 17:54:47.3664|DEBUG|HospitalBL.MainServices.FurnitureStoreManager|Начинается инициализация управляющего блока.
2021-03-30 17:54:47.8063|DEBUG|HospitalBL.MainServices.FurnitureStoreManager|Инициализация управляющего блока выполнена.
2021-03-30 17:54:47.8063|DEBUG|HospitalBL.MainServices.FurnitureStoreManager|Загрузка данных в управляющий блок...
2021-03-30 17:54:47.8283|INFO|HospitalBL.Model.Services.Service`1|Загрузка данных данных Employee...
2021-03-30 17:54:47.8453|INFO|HospitalBL.Model.Services.Service`1|Загрузка данных данных Patient...
2021-03-30 17:54:47.8573|INFO|HospitalBL.Model.Services.Service`1|Загрузка данных данных Visit...
2021-03-30 17:54:47.8723|DEBUG|HospitalBL.MainServices.FurnitureStoreManager|Загрузка завершена.
2021-03-30 17:54:47.8853|DEBUG|HospitalBL.MainServices.FurnitureStoreManager|Инициализация главного менеджера...
2021-03-30 17:54:47.8953|DEBUG|HospitalBL.MainServices.FurnitureStoreManager|Менеджер инициализирован
2021-03-30 17:54:49.2383|INFO|HospitalBL.MainServices.FurnitureStoreManager|Попытка авторизации пользователя
2021-03-30 17:54:49.2592|INFO|HospitalBL.MainServices.FurnitureStoreManager|Пользователь Admin Admin успешно авторизовался с правами Менеджер
2021-03-30 17:55:32.5251|INFO|HospitalBL.MainServices.FurnitureStoreManager|Попытка авторизации пользователя
2021-03-30 17:55:32.5251|INFO|HospitalBL.MainServices.FurnitureStoreManager|Пользователь Admin Admin успешно авторизовался с правами Менеджер
2021-03-30 18:00:12.6702|DEBUG|HospitalBL.MainServices.FurnitureStoreManager|Начинается инициализация управляющего блока.
2021-03-30 18:00:13.0608|DEBUG|HospitalBL.MainServices.FurnitureStoreManager|Инициализация управляющего блока выполнена.
2021-03-30 18:00:13.0778|DEBUG|HospitalBL.MainServices.FurnitureStoreManager|Загрузка данных в управляющий блок...
2021-03-30 18:00:13.0888|INFO|HospitalBL.Model.Services.Service`1|Загрузка данных данных Employee...
2021-03-30 18:00:13.1048|INFO|HospitalBL.Model.Services.Service`1|Загрузка данных данных Patient...
2021-03-30 18:00:13.1188|INFO|HospitalBL.Model.Services.Service`1|Загрузка данных данных Visit...
2021-03-30 18:00:13.1318|DEBUG|HospitalBL.MainServices.FurnitureStoreManager|Загрузка завершена.
2021-03-30 18:00:13.1458|DEBUG|HospitalBL.MainServices.FurnitureStoreManager|Инициализация главного менеджера...
2021-03-30 18:00:13.1708|DEBUG|HospitalBL.MainServices.FurnitureStoreManager|Менеджер инициализирован
2021-03-30 18:00:29.7790|DEBUG|HospitalBL.MainServices.FurnitureStoreManager|Начинается инициализация управляющего блока.
2021-03-30 18:00:30.1563|DEBUG|HospitalBL.MainServices.FurnitureStoreManager|Инициализация управляющего блока выполнена.
2021-03-30 18:00:30.1654|DEBUG|HospitalBL.MainServices.FurnitureStoreManager|Загрузка данных в управляющий блок...
2021-03-30 18:00:30.1893|INFO|HospitalBL.Model.Services.Service`1|Загрузка данных данных Employee...
2021-03-30 18:00:30.2083|INFO|HospitalBL.Model.Services.Service`1|Загрузка данных данных Patient...
2021-03-30 18:00:30.2083|INFO|HospitalBL.Model.Services.Service`1|Загрузка данных данных Visit...
2021-03-30 18:00:30.2263|DEBUG|HospitalBL.MainServices.FurnitureStoreManager|Загрузка завершена.
2021-03-30 18:00:30.2413|DEBUG|HospitalBL.MainServices.FurnitureStoreManager|Инициализация главного менеджера...
2021-03-30 18:00:30.2563|DEBUG|HospitalBL.MainServices.FurnitureStoreManager|Менеджер инициализирован
2021-03-30 18:00:31.2067|INFO|HospitalBL.MainServices.FurnitureStoreManager|Попытка авторизации пользователя
2021-03-30 18:00:31.2147|INFO|HospitalBL.MainServices.FurnitureStoreManager|Пользователь Admin Admin успешно авторизовался с правами Менеджер
2021-03-30 18:08:55.2813|DEBUG|HospitalBL.MainServices.FurnitureStoreManager|Начинается инициализация управляющего блока.
2021-03-30 18:08:55.7223|DEBUG|HospitalBL.MainServices.FurnitureStoreManager|Инициализация управляющего блока выполнена.
2021-03-30 18:08:55.7713|DEBUG|HospitalBL.MainServices.FurnitureStoreManager|Загрузка данных в управляющий блок...
2021-03-30 18:08:55.7713|INFO|HospitalBL.Model.Services.Service`1|Загрузка данных данных Employee...
2021-03-30 18:08:55.7963|INFO|HospitalBL.Model.Services.Service`1|Загрузка данных данных Patient...
2021-03-30 18:08:55.8093|INFO|HospitalBL.Model.Services.Service`1|Загрузка данных данных Visit...
2021-03-30 18:08:55.8343|DEBUG|HospitalBL.MainServices.FurnitureStoreManager|Загрузка завершена.
2021-03-30 18:08:55.8554|DEBUG|HospitalBL.MainServices.FurnitureStoreManager|Инициализация главного менеджера...
2021-03-30 18:08:55.8654|DEBUG|HospitalBL.MainServices.FurnitureStoreManager|Менеджер инициализирован
2021-03-30 18:08:57.4543|INFO|HospitalBL.MainServices.FurnitureStoreManager|Попытка авторизации пользователя
2021-03-30 18:08:57.4623|INFO|HospitalBL.MainServices.FurnitureStoreManager|Пользователь Admin Admin успешно авторизовался с правами Менеджер
2021-03-30 18:13:15.4575|DEBUG|HospitalBL.MainServices.FurnitureStoreManager|Начинается инициализация управляющего блока.
2021-03-30 18:13:15.8913|DEBUG|HospitalBL.MainServices.FurnitureStoreManager|Инициализация управляющего блока выполнена.
2021-03-30 18:13:15.9082|DEBUG|HospitalBL.MainServices.FurnitureStoreManager|Загрузка данных в управляющий блок...
2021-03-30 18:13:15.9242|INFO|HospitalBL.Model.Services.Service`1|Загрузка данных данных Employee...
2021-03-30 18:13:15.9422|INFO|HospitalBL.Model.Services.Service`1|Загрузка данных данных Patient...
2021-03-30 18:13:15.9422|INFO|HospitalBL.Model.Services.Service`1|Загрузка данных данных Visit...
2021-03-30 18:13:15.9701|DEBUG|HospitalBL.MainServices.FurnitureStoreManager|Загрузка завершена.
2021-03-30 18:13:15.9970|DEBUG|HospitalBL.MainServices.FurnitureStoreManager|Инициализация главного менеджера...
2021-03-30 18:13:16.0120|DEBUG|HospitalBL.MainServices.FurnitureStoreManager|Менеджер инициализирован
2021-03-30 18:13:22.3500|INFO|HospitalBL.MainServices.FurnitureStoreManager|Попытка авторизации пользователя
2021-03-30 18:13:22.3500|INFO|HospitalBL.MainServices.FurnitureStoreManager|Пользователь Ewq Qwe успешно авторизовался с правами Врач
2021-03-30 18:13:26.7246|INFO|HospitalBL.MainServices.FurnitureStoreManager|Попытка авторизации пользователя
2021-03-30 18:13:26.7246|INFO|HospitalBL.MainServices.FurnitureStoreManager|Пользователь Ewq Qwe успешно авторизовался с правами Врач
2021-03-30 18:13:54.4606|DEBUG|HospitalBL.MainServices.FurnitureStoreManager|Начинается инициализация управляющего блока.
2021-03-30 18:13:54.9080|DEBUG|HospitalBL.MainServices.FurnitureStoreManager|Инициализация управляющего блока выполнена.
2021-03-30 18:13:54.9379|DEBUG|HospitalBL.MainServices.FurnitureStoreManager|Загрузка данных в управляющий блок...
2021-03-30 18:13:54.9579|INFO|HospitalBL.Model.Services.Service`1|Загрузка данных данных Employee...
2021-03-30 18:13:55.0279|INFO|HospitalBL.Model.Services.Service`1|Загрузка данных данных Patient...
2021-03-30 18:13:55.0579|INFO|HospitalBL.Model.Services.Service`1|Загрузка данных данных Visit...
2021-03-30 18:13:55.0916|DEBUG|HospitalBL.MainServices.FurnitureStoreManager|Загрузка завершена.
2021-03-30 18:13:55.0989|DEBUG|HospitalBL.MainServices.FurnitureStoreManager|Инициализация главного менеджера...
2021-03-30 18:13:55.1139|DEBUG|HospitalBL.MainServices.FurnitureStoreManager|Менеджер инициализирован
2021-03-30 18:13:56.3351|INFO|HospitalBL.MainServices.FurnitureStoreManager|Попытка авторизации пользователя
2021-03-30 18:13:56.3351|INFO|HospitalBL.MainServices.FurnitureStoreManager|Пользователь Admin Admin успешно авторизовался с правами Менеджер
2021-03-30 18:13:58.6510|INFO|HospitalBL.MainServices.FurnitureStoreManager|Пользователь Admin Admin с правами Менеджер вышел из системы
2021-03-30 18:13:58.6510|DEBUG|HospitalBL.MainServices.FurnitureStoreManager|Сохранение данных...
2021-03-30 18:13:58.6660|INFO|HospitalBL.Model.Services.Service`1|Сохранение данных данных Employee...
2021-03-30 18:13:58.7473|INFO|HospitalBL.Model.Services.Service`1|Данные сохранены
2021-03-30 18:13:58.7562|INFO|HospitalBL.Model.Services.Service`1|Сохранение данных данных Patient...
2021-03-30 18:13:58.7562|INFO|HospitalBL.Model.Services.Service`1|Данные сохранены
2021-03-30 18:13:58.7779|INFO|HospitalBL.Model.Services.Service`1|Сохранение данных данных Visit...
2021-03-30 18:13:58.7929|INFO|HospitalBL.Model.Services.Service`1|Данные сохранены
2021-03-30 18:13:58.7929|DEBUG|HospitalBL.MainServices.FurnitureStoreManager|Данные сохранены
2021-03-30 18:14:03.3483|INFO|HospitalBL.MainServices.FurnitureStoreManager|Попытка авторизации пользователя
2021-03-30 18:14:03.3483|INFO|HospitalBL.MainServices.FurnitureStoreManager|Пользователь Ewq Qwe успешно авторизовался с правами Врач
2021-03-30 18:24:28.9918|DEBUG|HospitalBL.MainServices.FurnitureStoreManager|Начинается инициализация управляющего блока.
2021-03-30 18:24:29.4026|DEBUG|HospitalBL.MainServices.FurnitureStoreManager|Инициализация управляющего блока выполнена.
2021-03-30 18:24:29.4216|DEBUG|HospitalBL.MainServices.FurnitureStoreManager|Загрузка данных в управляющий блок...
2021-03-30 18:24:29.4465|INFO|HospitalBL.Model.Services.Service`1|Загрузка данных данных Employee...
2021-03-30 18:24:29.4765|INFO|HospitalBL.Model.Services.Service`1|Загрузка данных данных Patient...
2021-03-30 18:24:29.4896|INFO|HospitalBL.Model.Services.Service`1|Загрузка данных данных Visit...
2021-03-30 18:24:29.4896|DEBUG|HospitalBL.MainServices.FurnitureStoreManager|Загрузка завершена.
2021-03-30 18:24:29.5106|DEBUG|HospitalBL.MainServices.FurnitureStoreManager|Инициализация главного менеджера...
2021-03-30 18:24:29.5496|DEBUG|HospitalBL.MainServices.FurnitureStoreManager|Менеджер инициализирован
2021-03-30 18:24:35.7496|INFO|HospitalBL.MainServices.FurnitureStoreManager|Попытка авторизации пользователя
2021-03-30 18:24:35.7565|INFO|HospitalBL.MainServices.FurnitureStoreManager|Пользователь Ewq Qwe успешно авторизовался с правами Врач
2021-03-30 18:24:57.4738|INFO|HospitalBL.MainServices.FurnitureStoreManager|Пользователь Ewq Qwe с правами Врач вышел из системы
2021-03-30 18:24:57.4738|DEBUG|HospitalBL.MainServices.FurnitureStoreManager|Сохранение данных...
2021-03-30 18:24:57.4738|INFO|HospitalBL.Model.Services.Service`1|Сохранение данных данных Employee...
2021-03-30 18:24:57.5329|INFO|HospitalBL.Model.Services.Service`1|Данные сохранены
2021-03-30 18:24:57.5539|INFO|HospitalBL.Model.Services.Service`1|Сохранение данных данных Patient...
2021-03-30 18:24:57.5539|INFO|HospitalBL.Model.Services.Service`1|Данные сохранены
2021-03-30 18:24:57.5726|INFO|HospitalBL.Model.Services.Service`1|Сохранение данных данных Visit...
2021-03-30 18:24:57.5726|INFO|HospitalBL.Model.Services.Service`1|Данные сохранены
2021-03-30 18:24:57.5885|DEBUG|HospitalBL.MainServices.FurnitureStoreManager|Данные сохранены
2021-03-30 18:25:02.2767|INFO|HospitalBL.MainServices.FurnitureStoreManager|Попытка авторизации пользователя
2021-03-30 18:25:02.2905|INFO|HospitalBL.MainServices.FurnitureStoreManager|Пользователь Asd Dsa успешно авторизовался с правами Регистратор
2021-03-30 18:26:02.0697|DEBUG|HospitalBL.MainServices.FurnitureStoreManager|Начинается инициализация управляющего блока.
2021-03-30 18:26:02.5333|DEBUG|HospitalBL.MainServices.FurnitureStoreManager|Инициализация управляющего блока выполнена.
2021-03-30 18:26:02.5662|DEBUG|HospitalBL.MainServices.FurnitureStoreManager|Загрузка данных в управляющий блок...
2021-03-30 18:26:02.6061|INFO|HospitalBL.Model.Services.Service`1|Загрузка данных данных Employee...
2021-03-30 18:26:02.6310|INFO|HospitalBL.Model.Services.Service`1|Загрузка данных данных Patient...
2021-03-30 18:26:02.6470|INFO|HospitalBL.Model.Services.Service`1|Загрузка данных данных Visit...
2021-03-30 18:26:02.6470|DEBUG|HospitalBL.MainServices.FurnitureStoreManager|Загрузка завершена.
2021-03-30 18:26:02.6679|DEBUG|HospitalBL.MainServices.FurnitureStoreManager|Инициализация главного менеджера...
2021-03-30 18:26:02.6849|DEBUG|HospitalBL.MainServices.FurnitureStoreManager|Менеджер инициализирован
2021-03-30 18:26:08.7184|INFO|HospitalBL.MainServices.FurnitureStoreManager|Попытка авторизации пользователя
2021-03-30 18:26:08.7254|ERROR|HospitalBL.MainServices.FurnitureStoreManager|Логин и/или пароль неверен
2021-03-30 18:26:15.7891|INFO|HospitalBL.MainServices.FurnitureStoreManager|Попытка авторизации пользователя
2021-03-30 18:26:15.7891|INFO|HospitalBL.MainServices.FurnitureStoreManager|Пользователь Ewq Qwe успешно авторизовался с правами Врач
2021-03-30 18:31:46.4599|DEBUG|HospitalBL.MainServices.FurnitureStoreManager|Начинается инициализация управляющего блока.
2021-03-30 18:31:47.0088|DEBUG|HospitalBL.MainServices.FurnitureStoreManager|Инициализация управляющего блока выполнена.
2021-03-30 18:31:47.0208|DEBUG|HospitalBL.MainServices.FurnitureStoreManager|Загрузка данных в управляющий блок...
2021-03-30 18:31:47.0378|INFO|HospitalBL.Model.Services.Service`1|Загрузка данных данных Employee...
2021-03-30 18:31:47.0598|INFO|HospitalBL.Model.Services.Service`1|Загрузка данных данных Patient...
2021-03-30 18:31:47.1018|INFO|HospitalBL.Model.Services.Service`1|Загрузка данных данных Visit...
2021-03-30 18:31:47.1237|DEBUG|HospitalBL.MainServices.FurnitureStoreManager|Загрузка завершена.
2021-03-30 18:31:47.1567|DEBUG|HospitalBL.MainServices.FurnitureStoreManager|Инициализация главного менеджера...
2021-03-30 18:31:47.1697|DEBUG|HospitalBL.MainServices.FurnitureStoreManager|Менеджер инициализирован
2021-03-30 18:31:52.9593|INFO|HospitalBL.MainServices.FurnitureStoreManager|Попытка авторизации пользователя
2021-03-30 18:31:52.9593|INFO|HospitalBL.MainServices.FurnitureStoreManager|Пользователь Ewq Qwe успешно авторизовался с правами Врач
2021-03-30 18:32:34.3241|DEBUG|HospitalBL.MainServices.FurnitureStoreManager|Начинается инициализация управляющего блока.
2021-03-30 18:32:34.7789|DEBUG|HospitalBL.MainServices.FurnitureStoreManager|Инициализация управляющего блока выполнена.
2021-03-30 18:32:34.7998|DEBUG|HospitalBL.MainServices.FurnitureStoreManager|Загрузка данных в управляющий блок...
2021-03-30 18:32:34.8158|INFO|HospitalBL.Model.Services.Service`1|Загрузка данных данных Employee...
2021-03-30 18:32:34.8248|INFO|HospitalBL.Model.Services.Service`1|Загрузка данных данных Patient...
2021-03-30 18:32:34.8437|INFO|HospitalBL.Model.Services.Service`1|Загрузка данных данных Visit...
2021-03-30 18:32:34.8597|DEBUG|HospitalBL.MainServices.FurnitureStoreManager|Загрузка завершена.
2021-03-30 18:32:34.8886|DEBUG|HospitalBL.MainServices.FurnitureStoreManager|Инициализация главного менеджера...
2021-03-30 18:32:34.9115|DEBUG|HospitalBL.MainServices.FurnitureStoreManager|Менеджер инициализирован
2021-03-30 18:32:39.5177|INFO|HospitalBL.MainServices.FurnitureStoreManager|Попытка авторизации пользователя
2021-03-30 18:32:39.5471|INFO|HospitalBL.MainServices.FurnitureStoreManager|Пользователь Ewq Qwe успешно авторизовался с правами Врач
2021-03-30 18:34:49.2199|DEBUG|HospitalBL.MainServices.FurnitureStoreManager|Начинается инициализация управляющего блока.
2021-03-30 18:34:49.7844|DEBUG|HospitalBL.MainServices.FurnitureStoreManager|Инициализация управляющего блока выполнена.
2021-03-30 18:34:49.8014|DEBUG|HospitalBL.MainServices.FurnitureStoreManager|Загрузка данных в управляющий блок...
2021-03-30 18:34:49.8014|INFO|HospitalBL.Model.Services.Service`1|Загрузка данных данных Employee...
2021-03-30 18:34:49.8722|INFO|HospitalBL.Model.Services.Service`1|Загрузка данных данных Patient...
2021-03-30 18:34:49.9001|INFO|HospitalBL.Model.Services.Service`1|Загрузка данных данных Visit...
2021-03-30 18:34:49.9111|DEBUG|HospitalBL.MainServices.FurnitureStoreManager|Загрузка завершена.
2021-03-30 18:34:49.9310|DEBUG|HospitalBL.MainServices.FurnitureStoreManager|Инициализация главного менеджера...
2021-03-30 18:34:49.9599|DEBUG|HospitalBL.MainServices.FurnitureStoreManager|Менеджер инициализирован
2021-03-30 18:34:57.9985|INFO|HospitalBL.MainServices.FurnitureStoreManager|Попытка авторизации пользователя
2021-03-30 18:34:58.0125|INFO|HospitalBL.MainServices.FurnitureStoreManager|Пользователь Ewq Qwe успешно авторизовался с правами Врач
2021-03-30 22:23:41.3957|DEBUG|HospitalBL.MainServices.FurnitureStoreManager|Начинается инициализация управляющего блока.
2021-03-30 22:23:42.0661|DEBUG|HospitalBL.MainServices.FurnitureStoreManager|Инициализация управляющего блока выполнена.
2021-03-30 22:23:42.0741|DEBUG|HospitalBL.MainServices.FurnitureStoreManager|Загрузка данных в управляющий блок...
2021-03-30 22:23:42.0741|INFO|HospitalBL.Model.Services.Service`1|Загрузка данных данных Employee...
2021-03-30 22:23:42.0868|INFO|HospitalBL.Model.Services.Service`1|Загрузка данных данных Patient...
2021-03-30 22:23:42.0868|INFO|HospitalBL.Model.Services.Service`1|Загрузка данных данных Disease...
2021-03-30 22:23:42.1004|INFO|HospitalBL.Model.Services.Service`1|Загрузка данных данных Visit...
2021-03-30 22:23:42.1004|DEBUG|HospitalBL.MainServices.FurnitureStoreManager|Загрузка завершена.
2021-03-30 22:23:42.1004|DEBUG|HospitalBL.MainServices.FurnitureStoreManager|Инициализация главного менеджера...
2021-03-30 22:23:42.1192|DEBUG|HospitalBL.MainServices.FurnitureStoreManager|Менеджер инициализирован
2021-03-30 22:23:53.4552|INFO|HospitalBL.MainServices.FurnitureStoreManager|Попытка авторизации пользователя
2021-03-30 22:23:53.4665|INFO|HospitalBL.MainServices.FurnitureStoreManager|Пользователь Ewq Qwe успешно авторизовался с правами Врач
2021-03-30 22:25:37.3937|DEBUG|HospitalBL.MainServices.FurnitureStoreManager|Начинается инициализация управляющего блока.
2021-03-30 22:25:37.8983|DEBUG|HospitalBL.MainServices.FurnitureStoreManager|Инициализация управляющего блока выполнена.
2021-03-30 22:25:37.9352|DEBUG|HospitalBL.MainServices.FurnitureStoreManager|Загрузка данных в управляющий блок...
2021-03-30 22:25:37.9512|INFO|HospitalBL.Model.Services.Service`1|Загрузка данных данных Employee...
2021-03-30 22:25:37.9671|INFO|HospitalBL.Model.Services.Service`1|Загрузка данных данных Patient...
2021-03-30 22:25:37.9781|INFO|HospitalBL.Model.Services.Service`1|Загрузка данных данных Disease...
2021-03-30 22:25:37.9781|INFO|HospitalBL.Model.Services.Service`1|Загрузка данных данных Visit...
2021-03-30 22:25:37.9960|DEBUG|HospitalBL.MainServices.FurnitureStoreManager|Загрузка завершена.
2021-03-30 22:25:38.0060|DEBUG|HospitalBL.MainServices.FurnitureStoreManager|Инициализация главного менеджера...
2021-03-30 22:25:38.0060|DEBUG|HospitalBL.MainServices.FurnitureStoreManager|Менеджер инициализирован
2021-03-30 22:25:43.1983|INFO|HospitalBL.MainServices.FurnitureStoreManager|Попытка авторизации пользователя
2021-03-30 22:25:43.2300|INFO|HospitalBL.MainServices.FurnitureStoreManager|Пользователь Ewq Qwe успешно авторизовался с правами Врач
2021-03-30 22:38:51.2641|DEBUG|HospitalBL.MainServices.FurnitureStoreManager|Начинается инициализация управляющего блока.
2021-03-30 22:38:51.6779|DEBUG|HospitalBL.MainServices.FurnitureStoreManager|Инициализация управляющего блока выполнена.
2021-03-30 22:38:51.6779|DEBUG|HospitalBL.MainServices.FurnitureStoreManager|Загрузка данных в управляющий блок...
2021-03-30 22:38:51.6998|INFO|HospitalBL.Model.Services.Service`1|Загрузка данных данных Employee...
2021-03-30 22:38:51.7297|INFO|HospitalBL.Model.Services.Service`1|Загрузка данных данных Patient...
2021-03-30 22:38:51.7427|INFO|HospitalBL.Model.Services.Service`1|Загрузка данных данных Disease...
2021-03-30 22:38:51.7656|INFO|HospitalBL.Model.Services.Service`1|Загрузка данных данных Visit...
2021-03-30 22:38:51.7756|DEBUG|HospitalBL.MainServices.FurnitureStoreManager|Загрузка завершена.
2021-03-30 22:38:51.7756|DEBUG|HospitalBL.MainServices.FurnitureStoreManager|Инициализация главного менеджера...
2021-03-30 22:38:51.8045|DEBUG|HospitalBL.MainServices.FurnitureStoreManager|Менеджер инициализирован
2021-03-30 22:39:23.1600|DEBUG|HospitalBL.MainServices.FurnitureStoreManager|Начинается инициализация управляющего блока.
2021-03-30 22:39:23.6227|DEBUG|HospitalBL.MainServices.FurnitureStoreManager|Инициализация управляющего блока выполнена.
2021-03-30 22:39:23.6477|DEBUG|HospitalBL.MainServices.FurnitureStoreManager|Загрузка данных в управляющий блок...
2021-03-30 22:39:23.6477|INFO|HospitalBL.Model.Services.Service`1|Загрузка данных данных Employee...
2021-03-30 22:39:23.6746|INFO|HospitalBL.Model.Services.Service`1|Загрузка данных данных Patient...
2021-03-30 22:39:23.6866|INFO|HospitalBL.Model.Services.Service`1|Загрузка данных данных Disease...
2021-03-30 22:39:23.6985|INFO|HospitalBL.Model.Services.Service`1|Загрузка данных данных Visit...
2021-03-30 22:39:23.7085|DEBUG|HospitalBL.MainServices.FurnitureStoreManager|Загрузка завершена.
2021-03-30 22:39:23.7085|DEBUG|HospitalBL.MainServices.FurnitureStoreManager|Инициализация главного менеджера...
2021-03-30 22:39:23.7295|DEBUG|HospitalBL.MainServices.FurnitureStoreManager|Менеджер инициализирован
2021-03-30 22:39:33.2472|INFO|HospitalBL.MainServices.FurnitureStoreManager|Попытка авторизации пользователя
2021-03-30 22:39:33.2472|INFO|HospitalBL.MainServices.FurnitureStoreManager|Пользователь Ewq Qwe успешно авторизовался с правами Врач
2021-03-30 22:40:10.4087|INFO|HospitalBL.Model.Services.DiseaseService|Выполняется добаление заболевания Ебала...
2021-03-30 22:40:10.4087|INFO|HospitalBL.Model.Services.DiseaseService|Выполняется валидация данных заболевания Ебала...
2021-03-30 22:40:10.4277|INFO|HospitalBL.Model.Services.DiseaseService|Валидация завершена
2021-03-30 22:40:10.4475|INFO|HospitalBL.Model.Services.Service`1|Сохранение данных данных Disease...
2021-03-30 22:40:10.5215|INFO|HospitalBL.Model.Services.Service`1|Данные сохранены
2021-03-30 22:40:10.5314|INFO|HospitalBL.Model.Services.DiseaseService|Заболевание Ебала добавлена
2021-03-30 22:41:12.8447|DEBUG|HospitalBL.MainServices.FurnitureStoreManager|Начинается инициализация управляющего блока.
2021-03-30 22:41:13.4415|DEBUG|HospitalBL.MainServices.FurnitureStoreManager|Инициализация управляющего блока выполнена.
2021-03-30 22:41:13.4684|DEBUG|HospitalBL.MainServices.FurnitureStoreManager|Загрузка данных в управляющий блок...
2021-03-30 22:41:13.4824|INFO|HospitalBL.Model.Services.Service`1|Загрузка данных данных Employee...
2021-03-30 22:41:13.4963|INFO|HospitalBL.Model.Services.Service`1|Загрузка данных данных Patient...
2021-03-30 22:41:13.5093|INFO|HospitalBL.Model.Services.Service`1|Загрузка данных данных Disease...
2021-03-30 22:41:13.5183|INFO|HospitalBL.Model.Services.Service`1|Загрузка данных данных Visit...
2021-03-30 22:41:13.5183|DEBUG|HospitalBL.MainServices.FurnitureStoreManager|Загрузка завершена.
2021-03-30 22:41:13.5362|DEBUG|HospitalBL.MainServices.FurnitureStoreManager|Инициализация главного менеджера...
2021-03-30 22:41:13.5492|DEBUG|HospitalBL.MainServices.FurnitureStoreManager|Менеджер инициализирован
2021-03-30 22:41:19.9131|INFO|HospitalBL.MainServices.FurnitureStoreManager|Попытка авторизации пользователя
2021-03-30 22:41:19.9340|INFO|HospitalBL.MainServices.FurnitureStoreManager|Пользователь Ewq Qwe успешно авторизовался с правами Врач
2021-03-30 22:42:14.8728|DEBUG|HospitalBL.MainServices.FurnitureStoreManager|Начинается инициализация управляющего блока.
2021-03-30 22:42:15.4718|DEBUG|HospitalBL.MainServices.FurnitureStoreManager|Инициализация управляющего блока выполнена.
2021-03-30 22:42:15.4878|DEBUG|HospitalBL.MainServices.FurnitureStoreManager|Загрузка данных в управляющий блок...
2021-03-30 22:42:15.4878|INFO|HospitalBL.Model.Services.Service`1|Загрузка данных данных Employee...
2021-03-30 22:42:15.5218|INFO|HospitalBL.Model.Services.Service`1|Загрузка данных данных Patient...
2021-03-30 22:42:15.5338|INFO|HospitalBL.Model.Services.Service`1|Загрузка данных данных Disease...
2021-03-30 22:42:15.5338|INFO|HospitalBL.Model.Services.Service`1|Загрузка данных данных Visit...
2021-03-30 22:42:15.5538|DEBUG|HospitalBL.MainServices.FurnitureStoreManager|Загрузка завершена.
2021-03-30 22:42:15.5633|DEBUG|HospitalBL.MainServices.FurnitureStoreManager|Инициализация главного менеджера...
2021-03-30 22:42:15.5633|DEBUG|HospitalBL.MainServices.FurnitureStoreManager|Менеджер инициализирован
2021-03-30 22:42:19.8568|INFO|HospitalBL.MainServices.FurnitureStoreManager|Попытка авторизации пользователя
2021-03-30 22:42:19.8648|INFO|HospitalBL.MainServices.FurnitureStoreManager|Пользователь Ewq Qwe успешно авторизовался с правами Врач
2021-03-30 22:42:37.6981|INFO|HospitalBL.Model.Services.DiseaseService|Выполняется редактирование  заболевания...
2021-03-30 22:42:37.7047|INFO|HospitalBL.Model.Services.DiseaseService|Выполняется валидация данных заболевания Ебала uytkituy...
2021-03-30 22:42:37.7047|INFO|HospitalBL.Model.Services.DiseaseService|Валидация завершена
2021-03-30 22:42:37.7187|INFO|HospitalBL.Model.Services.DiseaseService|Редактирование заболевания Ебала...
2021-03-30 22:42:37.7187|INFO|HospitalBL.Model.Services.DiseaseService|Редактирование завершено
2021-03-30 22:42:37.7376|INFO|HospitalBL.Model.Services.Service`1|Сохранение данных данных Disease...
2021-03-30 22:42:37.7828|INFO|HospitalBL.Model.Services.Service`1|Данные сохранены
2021-03-30 22:42:40.4397|INFO|HospitalBL.Model.Services.DiseaseService|Выполняется удаления заболевания...
2021-03-30 22:42:40.4397|INFO|HospitalBL.Model.Services.Service`1|Сохранение данных данных Disease...
2021-03-30 22:42:40.4647|INFO|HospitalBL.Model.Services.Service`1|Данные сохранены
2021-03-30 22:42:40.4726|INFO|HospitalBL.Model.Services.DiseaseService|Заболевание удалено
